<?xml version="1.0" encoding="utf-8"?>
<TestRun id="524befb5-5bcc-4157-bf38-16e85322bccd" name="Abel Briones@DESKTOP-FB2ES22 2026-06-21 02:28:49.9006613" xmlns="http://microsoft.com/schemas/VisualStudio/TeamTest/2010">
  <Times creation="2026-06-21T02:28:48.1064574Z" queuing="2026-06-21T02:28:48.1064574Z" start="2026-06-21T02:28:48.1064574Z" finish="2026-06-21T02:28:49.9010626Z" />
  <TestSettings name="default" id="60c5bf1a-ee24-416f-a217-a305a948629e">
    <Deployment runDeploymentRoot="Abel_Briones_DESKTOP-FB2ES22_2026-06-21_02_28_49.9006613" />
  </TestSettings>
  <Results>
    <UnitTestResult executionId="beb21166-1511-4e23-bc09-3a5a5293d6d6" testId="1618f4b5-2b67-a7c7-d76b-c9ca96a51a0d" testName="ExxerCube.Prisma.Tests.Infrastructure.Export.Adaptive.TemplateFieldMapperContractTests.MapAllFieldsAsync_WhenCancellationRequested_ReturnsCancelled" computerName="DESKTOP-FB2ES22" duration="00:00:00.2865637" startTime="2026-06-21T02:28:48.2959382+00:00" endTime="2026-06-21T02:28:48.5898088+00:00" testType="13CDC9D9-DDB5-4fa4-A97D-D965CCFC6D4B" outcome="Passed" testListId="8C84FA94-04C1-424b-9868-57A2D4851A1D" relativeResultsDirectory="beb21166-1511-4e23-bc09-3a5a5293d6d6" />
    <UnitTestResult executionId="92157b82-7eaf-4a43-add1-863c80953486" testId="f68014d6-1e57-8390-218a-1bb6a2a8b717" testName="ExxerCube.Prisma.Tests.Infrastructure.Export.Adaptive.TemplateFieldMapperMutationTests.MapAllFieldsAsync_WhenTemplateNull_ReturnsExactError" computerName="DESKTOP-FB2ES22" duration="00:00:00.2946761" startTime="2026-06-21T02:28:48.2959176+00:00" endTime="2026-06-21T02:28:48.5949994+00:00" testType="13CDC9D9-DDB5-4fa4-A97D-D965CCFC6D4B" outcome="Passed" testListId="8C84FA94-04C1-424b-9868-57A2D4851A1D" relativeResultsDirectory="92157b82-7eaf-4a43-add1-863c80953486" />
    <UnitTestResult executionId="d24cde74-8350-4887-9a61-15157ebab9e5" testId="a0434e18-cf5a-6902-e756-91cb1e49451f" testName="ExxerCube.Prisma.Tests.Infrastructure.Export.Adaptive.TemplateFieldMapperContractTests.MapFieldAsync_WhenValidField_ReturnsSuccess" computerName="DESKTOP-FB2ES22" duration="00:00:00.0036752" startTime="2026-06-21T02:28:48.5997188+00:00" endTime="2026-06-21T02:28:48.6034498+00:00" testType="13CDC9D9-DDB5-4fa4-A97D-D965CCFC6D4B" outcome="Passed" testListId="8C84FA94-04C1-424b-9868-57A2D4851A1D" relativeResultsDirectory="d24cde74-8350-4887-9a61-15157ebab9e5" />
    <UnitTestResult executionId="2088dbb5-9ae0-4be5-9c6a-a239ed1a9d40" testId="86e58939-f1e0-3982-dc0d-515eabac9607" testName="ExxerCube.Prisma.Tests.Infrastructure.Export.Adaptive.TemplateFieldMapperMutationTests.MapFieldAsync_WhenTransformInvalid_ReturnsFailure" computerName="DESKTOP-FB2ES22" duration="00:00:00.0063477" startTime="2026-06-21T02:28:48.5996748+00:00" endTime="2026-06-21T02:28:48.6060799+00:00" testType="13CDC9D9-DDB5-4fa4-A97D-D965CCFC6D4B" outcome="Passed" testListId="8C84FA94-04C1-424b-9868-57A2D4851A1D" relativeResultsDirectory="2088dbb5-9ae0-4be5-9c6a-a239ed1a9d40" />
    <UnitTestResult executionId="3e795a9e-ea81-4090-a637-69a0829ce75f" testId="270e4080-3799-7920-e89e-998298994723" testName="ExxerCube.Prisma.Tests.Infrastructure.Export.Adaptive.TemplateFieldMapperContractTests.ValidateFieldValueAsync_WhenValuePassesRegex_ReturnsSuccess" computerName="DESKTOP-FB2ES22" duration="00:00:00.0024443" startTime="2026-06-21T02:28:48.6037170+00:00" endTime="2026-06-21T02:28:48.6062174+00:00" testType="13CDC9D9-DDB5-4fa4-A97D-D965CCFC6D4B" outcome="Passed" testListId="8C84FA94-04C1-424b-9868-57A2D4851A1D" relativeResultsDirectory="3e795a9e-ea81-4090-a637-69a0829ce75f" />
    <UnitTestResult executionId="65b5fa21-1f49-44d3-bfbb-280ab71147e8" testId="f9867093-5065-e8bb-24d0-6ba184bee2ae" testName="ExxerCube.Prisma.Tests.Infrastructure.Export.Adaptive.TemplateFieldMapperContractTests.ApplyTransformationAsync_WhenCancellationRequested_ReturnsCancelled" computerName="DESKTOP-FB2ES22" duration="00:00:00.0009658" startTime="2026-06-21T02:28:48.6063991+00:00" endTime="2026-06-21T02:28:48.6074015+00:00" testType="13CDC9D9-DDB5-4fa4-A97D-D965CCFC6D4B" outcome="Passed" testListId="8C84FA94-04C1-424b-9868-57A2D4851A1D" relativeResultsDirectory="65b5fa21-1f49-44d3-bfbb-280ab71147e8" />
    <UnitTestResult executionId="c0763684-3efd-4f89-9feb-7a27bc442f14" testId="9cbd16e5-e63a-3948-7837-a7270a9c514b" testName="ExxerCube.Prisma.Tests.Infrastructure.Export.Adaptive.TemplateFieldMapperMutationTests.MapFieldAsync_WhenValidationRulesPass_ReturnsSuccess" computerName="DESKTOP-FB2ES22" duration="00:00:00.0012022" startTime="2026-06-21T02:28:48.6063632+00:00" endTime="2026-06-21T02:28:48.6076025+00:00" testType="13CDC9D9-DDB5-4fa4-A97D-D965CCFC6D4B" outcome="Passed" testListId="8C84FA94-04C1-424b-9868-57A2D4851A1D" relativeResultsDirectory="c0763684-3efd-4f89-9feb-7a27bc442f14" />
    <UnitTestResult executionId="750e7ae2-1d92-4abb-b8df-9be2b2b543db" testId="5a0c04d9-a862-6c41-d7ec-f7bc303e9449" testName="ExxerCube.Prisma.Tests.Infrastructure.Export.Adaptive.TemplateFieldMapperMutationTests.ValidateFieldValueAsync_Range_AtMax_ReturnsSuccess" computerName="DESKTOP-FB2ES22" duration="00:00:00.0007404" startTime="2026-06-21T02:28:48.6077820+00:00" endTime="2026-06-21T02:28:48.6085666+00:00" testType="13CDC9D9-DDB5-4fa4-A97D-D965CCFC6D4B" outcome="Passed" testListId="8C84FA94-04C1-424b-9868-57A2D4851A1D" relativeResultsDirectory="750e7ae2-1d92-4abb-b8df-9be2b2b543db" />
    <UnitTestResult executionId="bb5663c8-65c5-4317-b8a9-1e8220327a7d" testId="b0e136ec-47c0-6cb9-1132-79a1a4407150" testName="ExxerCube.Prisma.Tests.Infrastructure.Export.Adaptive.TemplateFieldMapperContractTests.ValidateFieldValueAsync_WhenCancellationRequested_ReturnsCancelled" computerName="DESKTOP-FB2ES22" duration="00:00:00.0014782" startTime="2026-06-21T02:28:48.6075952+00:00" endTime="2026-06-21T02:28:48.6091152+00:00" testType="13CDC9D9-DDB5-4fa4-A97D-D965CCFC6D4B" outcome="Passed" testListId="8C84FA94-04C1-424b-9868-57A2D4851A1D" relativeResultsDirectory="bb5663c8-65c5-4317-b8a9-1e8220327a7d" />
    <UnitTestResult executionId="ce20cfb1-cef3-4ed7-b37f-0e8f2dc01e85" testId="6fc97120-9f7f-8ced-09a5-6058c8b591b8" testName="ExxerCube.Prisma.Tests.Infrastructure.Export.Adaptive.TemplateFieldMapperMutationTests.ValidateMappingAsync_WhenSourceTypeNull_ReturnsExactError" computerName="DESKTOP-FB2ES22" duration="00:00:00.0017258" startTime="2026-06-21T02:28:48.6088408+00:00" endTime="2026-06-21T02:28:48.6106338+00:00" testType="13CDC9D9-DDB5-4fa4-A97D-D965CCFC6D4B" outcome="Passed" testListId="8C84FA94-04C1-424b-9868-57A2D4851A1D" relativeResultsDirectory="ce20cfb1-cef3-4ed7-b37f-0e8f2dc01e85" />
    <UnitTestResult executionId="586c3d45-ac7b-40aa-9f48-ad87b579d208" testId="8762122d-08c7-53cf-f06a-542e14802589" testName="ExxerCube.Prisma.Tests.Infrastructure.Export.Adaptive.TemplateFieldMapperMutationTests.ValidateFieldValueAsync_WhenRulesNull_ReturnsSuccess" computerName="DESKTOP-FB2ES22" duration="00:00:00.0006089" startTime="2026-06-21T02:28:48.6108518+00:00" endTime="2026-06-21T02:28:48.6115001+00:00" testType="13CDC9D9-DDB5-4fa4-A97D-D965CCFC6D4B" outcome="Passed" testListId="8C84FA94-04C1-424b-9868-57A2D4851A1D" relativeResultsDirectory="586c3d45-ac7b-40aa-9f48-ad87b579d208" />
    <UnitTestResult executionId="c5d6c1fe-9733-4b10-9a5a-9347a2c8e79d" testId="8dc6be76-114c-ce7e-6b99-bcab8fbb1646" testName="ExxerCube.Prisma.Tests.Infrastructure.Export.Adaptive.TemplateFieldMapperMutationTests.ApplyTransformationAsync_PadRight_PadsOnRight" computerName="DESKTOP-FB2ES22" duration="00:00:00.0009261" startTime="2026-06-21T02:28:48.6117100+00:00" endTime="2026-06-21T02:28:48.6126702+00:00" testType="13CDC9D9-DDB5-4fa4-A97D-D965CCFC6D4B" outcome="Passed" testListId="8C84FA94-04C1-424b-9868-57A2D4851A1D" relativeResultsDirectory="c5d6c1fe-9733-4b10-9a5a-9347a2c8e79d" />
    <UnitTestResult executionId="f7c4785f-0d1e-459f-bfdd-29752f1a276f" testId="6cb35f96-08f0-76eb-4680-87c377680c06" testName="ExxerCube.Prisma.Tests.Infrastructure.Export.Adaptive.TemplateFieldMapperMutationTests.ValidateFieldValueAsync_Required_Empty_ReturnsFailure" computerName="DESKTOP-FB2ES22" duration="00:00:00.0006656" startTime="2026-06-21T02:28:48.6128560+00:00" endTime="2026-06-21T02:28:48.6135569+00:00" testType="13CDC9D9-DDB5-4fa4-A97D-D965CCFC6D4B" outcome="Passed" testListId="8C84FA94-04C1-424b-9868-57A2D4851A1D" relativeResultsDirectory="f7c4785f-0d1e-459f-bfdd-29752f1a276f" />
    <UnitTestResult executionId="15f82e14-e5cd-44ea-8fee-06eb498dc946" testId="8660a89e-aedb-af58-f0b5-979f4483b59f" testName="ExxerCube.Prisma.Tests.Infrastructure.Export.Adaptive.TemplateFieldMapperMutationTests.ApplyTransformationAsync_ReplaceWrongArgCount_ReturnsFailure" computerName="DESKTOP-FB2ES22" duration="00:00:00.0009184" startTime="2026-06-21T02:28:48.6137417+00:00" endTime="2026-06-21T02:28:48.6146916+00:00" testType="13CDC9D9-DDB5-4fa4-A97D-D965CCFC6D4B" outcome="Passed" testListId="8C84FA94-04C1-424b-9868-57A2D4851A1D" relativeResultsDirectory="15f82e14-e5cd-44ea-8fee-06eb498dc946" />
    <UnitTestResult executionId="ba1e8d37-b46a-4c4b-a01b-23c6cffb40ed" testId="bbd404f6-0dc1-706b-aaba-a2c3b7635cc6" testName="ExxerCube.Prisma.Tests.Infrastructure.Export.Adaptive.TemplateFieldMapperMutationTests.ValidateMappingAsync_WhenMappingNull_ReturnsExactError" computerName="DESKTOP-FB2ES22" duration="00:00:00.0006470" startTime="2026-06-21T02:28:48.6148800+00:00" endTime="2026-06-21T02:28:48.6155695+00:00" testType="13CDC9D9-DDB5-4fa4-A97D-D965CCFC6D4B" outcome="Passed" testListId="8C84FA94-04C1-424b-9868-57A2D4851A1D" relativeResultsDirectory="ba1e8d37-b46a-4c4b-a01b-23c6cffb40ed" />
    <UnitTestResult executionId="6415fd80-cc0b-41a3-913e-3cc46a884eca" testId="27a9847c-9d12-96ba-7325-763f94ed6596" testName="ExxerCube.Prisma.Tests.Infrastructure.Export.Adaptive.TemplateFieldMapperMutationTests.MapFieldAsync_WhenOptionalFieldAbsent_WithDefault_ReturnsDefault" computerName="DESKTOP-FB2ES22" duration="00:00:00.0008363" startTime="2026-06-21T02:28:48.6157819+00:00" endTime="2026-06-21T02:28:48.6166684+00:00" testType="13CDC9D9-DDB5-4fa4-A97D-D965CCFC6D4B" outcome="Passed" testListId="8C84FA94-04C1-424b-9868-57A2D4851A1D" relativeResultsDirectory="6415fd80-cc0b-41a3-913e-3cc46a884eca" />
    <UnitTestResult executionId="18329caf-816e-497b-811f-e655ed01a9b0" testId="402728aa-e2ee-0cc9-9dd8-ea825606fcbd" testName="ExxerCube.Prisma.Tests.Infrastructure.Export.Adaptive.TemplateFieldMapperMutationTests.ApplyTransformationAsync_Replace_ReplacesSubstring" computerName="DESKTOP-FB2ES22" duration="00:00:00.0007220" startTime="2026-06-21T02:28:48.6168524+00:00" endTime="2026-06-21T02:28:48.6176033+00:00" testType="13CDC9D9-DDB5-4fa4-A97D-D965CCFC6D4B" outcome="Passed" testListId="8C84FA94-04C1-424b-9868-57A2D4851A1D" relativeResultsDirectory="18329caf-816e-497b-811f-e655ed01a9b0" />
    <UnitTestResult executionId="37c72340-6138-4dbb-aec9-a0b6f4185236" testId="dec9fc34-98d1-381f-6c8c-65bed633f6fa" testName="ExxerCube.Prisma.Tests.Infrastructure.Export.Adaptive.TemplateFieldMapperContractTests.MapAllFieldsAsync_WhenAllFieldsValid_ReturnsAllMappedFields" computerName="DESKTOP-FB2ES22" duration="00:00:00.0086478" startTime="2026-06-21T02:28:48.6093027+00:00" endTime="2026-06-21T02:28:48.6179921+00:00" testType="13CDC9D9-DDB5-4fa4-A97D-D965CCFC6D4B" outcome="Passed" testListId="8C84FA94-04C1-424b-9868-57A2D4851A1D" relativeResultsDirectory="37c72340-6138-4dbb-aec9-a0b6f4185236" />
    <UnitTestResult executionId="3cf954b4-df56-4277-890a-bcbcd97dcf4e" testId="a3c2a525-1ff8-04da-931b-722cf3b280e4" testName="ExxerCube.Prisma.Tests.Infrastructure.Export.Adaptive.TemplateFieldMapperMutationTests.ApplyTransformationAsync_WhenValueNull_ReturnsEmpty" computerName="DESKTOP-FB2ES22" duration="00:00:00.0007353" startTime="2026-06-21T02:28:48.6177872+00:00" endTime="2026-06-21T02:28:48.6185559+00:00" testType="13CDC9D9-DDB5-4fa4-A97D-D965CCFC6D4B" outcome="Passed" testListId="8C84FA94-04C1-424b-9868-57A2D4851A1D" relativeResultsDirectory="3cf954b4-df56-4277-890a-bcbcd97dcf4e" />
    <UnitTestResult executionId="1fa8df64-0bad-46fc-9b10-a9fd0f1b088a" testId="189c601e-668b-a4c0-f092-38f757a6b6ea" testName="ExxerCube.Prisma.Tests.Infrastructure.Export.Adaptive.TemplateFieldMapperContractTests.ApplyTransformationAsync_ToUpper_ReturnsUppercase" computerName="DESKTOP-FB2ES22" duration="00:00:00.0007203" startTime="2026-06-21T02:28:48.6181483+00:00" endTime="2026-06-21T02:28:48.6189022+00:00" testType="13CDC9D9-DDB5-4fa4-A97D-D965CCFC6D4B" outcome="Passed" testListId="8C84FA94-04C1-424b-9868-57A2D4851A1D" relativeResultsDirectory="1fa8df64-0bad-46fc-9b10-a9fd0f1b088a" />
    <UnitTestResult executionId="1c93be5c-a6e4-4214-a88f-f31b3e039f51" testId="31214586-0bd6-e9be-8f02-12aed0ec4c58" testName="ExxerCube.Prisma.Tests.Infrastructure.Export.Adaptive.TemplateFieldMapperMutationTests.MapFieldAsync_WhenValueNull_RequiredWithDefault_ReturnsDefault" computerName="DESKTOP-FB2ES22" duration="00:00:00.0006999" startTime="2026-06-21T02:28:48.6187203+00:00" endTime="2026-06-21T02:28:48.6194534+00:00" testType="13CDC9D9-DDB5-4fa4-A97D-D965CCFC6D4B" outcome="Passed" testListId="8C84FA94-04C1-424b-9868-57A2D4851A1D" relativeResultsDirectory="1c93be5c-a6e4-4214-a88f-f31b3e039f51" />
    <UnitTestResult executionId="47221218-aac8-44dc-884b-4fd0cbbb879f" testId="e46519a4-3f55-f1a7-33ec-f844b717741c" testName="ExxerCube.Prisma.Tests.Infrastructure.Export.Adaptive.TemplateFieldMapperContractTests.MapFieldAsync_WhenRequiredFieldMissing_ReturnsFailure" computerName="DESKTOP-FB2ES22" duration="00:00:00.0009767" startTime="2026-06-21T02:28:48.6190734+00:00" endTime="2026-06-21T02:28:48.6200900+00:00" testType="13CDC9D9-DDB5-4fa4-A97D-D965CCFC6D4B" outcome="Passed" testListId="8C84FA94-04C1-424b-9868-57A2D4851A1D" relativeResultsDirectory="47221218-aac8-44dc-884b-4fd0cbbb879f" />
    <UnitTestResult executionId="6d5d430b-891e-4436-bae1-32586e881dbf" testId="31b9b987-01bc-9954-c0fc-3ac5c3193110" testName="ExxerCube.Prisma.Tests.Infrastructure.Export.Adaptive.TemplateFieldMapperMutationTests.ApplyTransformationAsync_UnsupportedFunction_ReturnsFailure" computerName="DESKTOP-FB2ES22" duration="00:00:00.0005385" startTime="2026-06-21T02:28:48.6196293+00:00" endTime="2026-06-21T02:28:48.6202002+00:00" testType="13CDC9D9-DDB5-4fa4-A97D-D965CCFC6D4B" outcome="Passed" testListId="8C84FA94-04C1-424b-9868-57A2D4851A1D" relativeResultsDirectory="6d5d430b-891e-4436-bae1-32586e881dbf" />
    <UnitTestResult executionId="4ff41507-bf2f-4592-b2e9-f74819734952" testId="5eb1f60a-2cc5-a036-8620-16bdd496b655" testName="ExxerCube.Prisma.Tests.Infrastructure.Export.Adaptive.TemplateFieldMapperContractTests.ValidateMappingAsync_WhenFieldPathInvalid_ReturnsFailure" computerName="DESKTOP-FB2ES22" duration="00:00:00.0007612" startTime="2026-06-21T02:28:48.6202660+00:00" endTime="2026-06-21T02:28:48.6210551+00:00" testType="13CDC9D9-DDB5-4fa4-A97D-D965CCFC6D4B" outcome="Passed" testListId="8C84FA94-04C1-424b-9868-57A2D4851A1D" relativeResultsDirectory="4ff41507-bf2f-4592-b2e9-f74819734952" />
    <UnitTestResult executionId="9ef918fb-7505-4ff6-8d03-4d0eaf702fcf" testId="d7ed0ba8-0920-2b98-62d5-552bf315b11e" testName="ExxerCube.Prisma.Tests.Infrastructure.Export.Adaptive.TemplateFieldMapperMutationTests.ApplyTransformationAsync_WhenValueEmpty_ReturnsEmpty" computerName="DESKTOP-FB2ES22" duration="00:00:00.0006805" startTime="2026-06-21T02:28:48.6203601+00:00" endTime="2026-06-21T02:28:48.6210710+00:00" testType="13CDC9D9-DDB5-4fa4-A97D-D965CCFC6D4B" outcome="Passed" testListId="8C84FA94-04C1-424b-9868-57A2D4851A1D" relativeResultsDirectory="9ef918fb-7505-4ff6-8d03-4d0eaf702fcf" />
    <UnitTestResult executionId="6de610c5-89c8-4907-b157-be1100c3d78c" testId="0cd4837b-74e6-c12b-4e74-95e225486ecb" testName="ExxerCube.Prisma.Tests.Infrastructure.Export.Adaptive.TemplateFieldMapperMutationTests.ValidateFieldValueAsync_Range_AtMin_ReturnsSuccess" computerName="DESKTOP-FB2ES22" duration="00:00:00.0007461" startTime="2026-06-21T02:28:48.6212398+00:00" endTime="2026-06-21T02:28:48.6220251+00:00" testType="13CDC9D9-DDB5-4fa4-A97D-D965CCFC6D4B" outcome="Passed" testListId="8C84FA94-04C1-424b-9868-57A2D4851A1D" relativeResultsDirectory="6de610c5-89c8-4907-b157-be1100c3d78c" />
    <UnitTestResult executionId="7c103750-b1de-4b53-b4ec-35061615ba7f" testId="ecea256b-8397-672e-d16a-d33415fc3d09" testName="ExxerCube.Prisma.Tests.Infrastructure.Export.Adaptive.TemplateFieldMapperContractTests.MapFieldAsync_WithTransformation_ReturnsTransformedValue" computerName="DESKTOP-FB2ES22" duration="00:00:00.0008472" startTime="2026-06-21T02:28:48.6212233+00:00" endTime="2026-06-21T02:28:48.6221140+00:00" testType="13CDC9D9-DDB5-4fa4-A97D-D965CCFC6D4B" outcome="Passed" testListId="8C84FA94-04C1-424b-9868-57A2D4851A1D" relativeResultsDirectory="7c103750-b1de-4b53-b4ec-35061615ba7f" />
    <UnitTestResult executionId="4224bb59-c512-469f-954e-7575e9b917ed" testId="1c7fb121-7fc7-a4e2-8fc2-4c5eb9a3a34a" testName="ExxerCube.Prisma.Tests.Infrastructure.Export.Adaptive.TemplateFieldMapperMutationTests.ApplyTransformationAsync_ToLower_ReturnsLowercase" computerName="DESKTOP-FB2ES22" duration="00:00:00.0006522" startTime="2026-06-21T02:28:48.6222008+00:00" endTime="2026-06-21T02:28:48.6228828+00:00" testType="13CDC9D9-DDB5-4fa4-A97D-D965CCFC6D4B" outcome="Passed" testListId="8C84FA94-04C1-424b-9868-57A2D4851A1D" relativeResultsDirectory="4224bb59-c512-469f-954e-7575e9b917ed" />
    <UnitTestResult executionId="bf4e492e-8237-4e50-9733-be3756facf9c" testId="4165e904-987e-4e40-0869-a370ac4194f6" testName="ExxerCube.Prisma.Tests.Infrastructure.Export.Adaptive.TemplateFieldMapperContractTests.ValidateMappingAsync_WhenTransformationInvalid_ReturnsFailure" computerName="DESKTOP-FB2ES22" duration="00:00:00.0011146" startTime="2026-06-21T02:28:48.6222748+00:00" endTime="2026-06-21T02:28:48.6234190+00:00" testType="13CDC9D9-DDB5-4fa4-A97D-D965CCFC6D4B" outcome="Passed" testListId="8C84FA94-04C1-424b-9868-57A2D4851A1D" relativeResultsDirectory="bf4e492e-8237-4e50-9733-be3756facf9c" />
    <UnitTestResult executionId="9b96375b-682d-40c8-a92e-645253eb5689" testId="7d086090-65ce-e7ef-4ac1-a96fcdbe5620" testName="ExxerCube.Prisma.Tests.Infrastructure.Export.Adaptive.TemplateFieldMapperMutationTests.MapFieldAsync_DecimalWithFormat_UsesFormattable" computerName="DESKTOP-FB2ES22" duration="00:00:00.0008113" startTime="2026-06-21T02:28:48.6230612+00:00" endTime="2026-06-21T02:28:48.6239188+00:00" testType="13CDC9D9-DDB5-4fa4-A97D-D965CCFC6D4B" outcome="Passed" testListId="8C84FA94-04C1-424b-9868-57A2D4851A1D" relativeResultsDirectory="9b96375b-682d-40c8-a92e-645253eb5689" />
    <UnitTestResult executionId="1828519c-59d9-4b65-beb2-5c5a6c0fc02b" testId="45646a30-d133-dabe-4732-8c36ab8e2c22" testName="ExxerCube.Prisma.Tests.Infrastructure.Export.Adaptive.TemplateFieldMapperContractTests.MapFieldAsync_WhenOptionalFieldMissing_ReturnsDefaultValue" computerName="DESKTOP-FB2ES22" duration="00:00:00.0005837" startTime="2026-06-21T02:28:48.6235889+00:00" endTime="2026-06-21T02:28:48.6242068+00:00" testType="13CDC9D9-DDB5-4fa4-A97D-D965CCFC6D4B" outcome="Passed" testListId="8C84FA94-04C1-424b-9868-57A2D4851A1D" relativeResultsDirectory="1828519c-59d9-4b65-beb2-5c5a6c0fc02b" />
    <UnitTestResult executionId="76646056-5d10-4a3f-83b0-229f5acaee4e" testId="4d6e9d35-5efa-385c-6d00-6b3dc0795a64" testName="ExxerCube.Prisma.Tests.Infrastructure.Export.Adaptive.TemplateFieldMapperMutationTests.ApplyTransformationAsync_MalformedExpression_ReturnsFailure" computerName="DESKTOP-FB2ES22" duration="00:00:00.0008011" startTime="2026-06-21T02:28:48.6241650+00:00" endTime="2026-06-21T02:28:48.6250076+00:00" testType="13CDC9D9-DDB5-4fa4-A97D-D965CCFC6D4B" outcome="Passed" testListId="8C84FA94-04C1-424b-9868-57A2D4851A1D" relativeResultsDirectory="76646056-5d10-4a3f-83b0-229f5acaee4e" />
    <UnitTestResult executionId="f206d7fc-2a4a-47a2-a640-8ae510a06e2b" testId="974f9069-1ab5-e2a9-fdb7-4c7762f1217a" testName="ExxerCube.Prisma.Tests.Infrastructure.Export.Adaptive.TemplateFieldMapperContractTests.ValidateFieldValueAsync_WhenValueBelowMinLength_ReturnsFailure" computerName="DESKTOP-FB2ES22" duration="00:00:00.0005923" startTime="2026-06-21T02:28:48.6243816+00:00" endTime="2026-06-21T02:28:48.6250221+00:00" testType="13CDC9D9-DDB5-4fa4-A97D-D965CCFC6D4B" outcome="Passed" testListId="8C84FA94-04C1-424b-9868-57A2D4851A1D" relativeResultsDirectory="f206d7fc-2a4a-47a2-a640-8ae510a06e2b" />
    <UnitTestResult executionId="6445f319-4f9b-4706-a120-14b9294c7391" testId="b8ea71f8-8612-5f2f-c5f2-ac0ea3fb0331" testName="ExxerCube.Prisma.Tests.Infrastructure.Export.Adaptive.TemplateFieldMapperContractTests.ValidateFieldValueAsync_WhenValueInRange_ReturnsSuccess" computerName="DESKTOP-FB2ES22" duration="00:00:00.0005246" startTime="2026-06-21T02:28:48.6251857+00:00" endTime="2026-06-21T02:28:48.6257432+00:00" testType="13CDC9D9-DDB5-4fa4-A97D-D965CCFC6D4B" outcome="Passed" testListId="8C84FA94-04C1-424b-9868-57A2D4851A1D" relativeResultsDirectory="6445f319-4f9b-4706-a120-14b9294c7391" />
    <UnitTestResult executionId="783d718b-baa3-420d-b173-42a469d07d08" testId="5c8f8f80-01b4-18cf-737c-3b3dbcc6323e" testName="ExxerCube.Prisma.Tests.Infrastructure.Export.Adaptive.TemplateFieldMapperMutationTests.ValidateFieldValueAsync_MinLength_AtBoundary_ReturnsSuccess" computerName="DESKTOP-FB2ES22" duration="00:00:00.0006288" startTime="2026-06-21T02:28:48.6251760+00:00" endTime="2026-06-21T02:28:48.6258427+00:00" testType="13CDC9D9-DDB5-4fa4-A97D-D965CCFC6D4B" outcome="Passed" testListId="8C84FA94-04C1-424b-9868-57A2D4851A1D" relativeResultsDirectory="783d718b-baa3-420d-b173-42a469d07d08" />
    <UnitTestResult executionId="1349c966-432d-43f2-ba0b-e41c6468ba2e" testId="4c85736a-ca58-a377-5f11-9d8e06a30bb3" testName="ExxerCube.Prisma.Tests.Infrastructure.Export.Adaptive.TemplateFieldMapperContractTests.MapFieldAsync_WhenCancellationRequested_ReturnsCancelled" computerName="DESKTOP-FB2ES22" duration="00:00:00.0007046" startTime="2026-06-21T02:28:48.6259478+00:00" endTime="2026-06-21T02:28:48.6266848+00:00" testType="13CDC9D9-DDB5-4fa4-A97D-D965CCFC6D4B" outcome="Passed" testListId="8C84FA94-04C1-424b-9868-57A2D4851A1D" relativeResultsDirectory="1349c966-432d-43f2-ba0b-e41c6468ba2e" />
    <UnitTestResult executionId="75db2621-def3-4cd6-ab57-79f07dc0b6aa" testId="4463291f-ca9b-3a8a-9847-9049346796df" testName="ExxerCube.Prisma.Tests.Infrastructure.Export.Adaptive.TemplateFieldMapperMutationTests.MapFieldAsync_WhenValueNull_RequiredNoDefault_ReturnsIsNullError" computerName="DESKTOP-FB2ES22" duration="00:00:00.0009228" startTime="2026-06-21T02:28:48.6259960+00:00" endTime="2026-06-21T02:28:48.6269493+00:00" testType="13CDC9D9-DDB5-4fa4-A97D-D965CCFC6D4B" outcome="Passed" testListId="8C84FA94-04C1-424b-9868-57A2D4851A1D" relativeResultsDirectory="75db2621-def3-4cd6-ab57-79f07dc0b6aa" />
    <UnitTestResult executionId="cadba71f-b0dd-4710-be51-d7f939e5b38c" testId="0dd18ead-7ab7-fb04-36e8-335c13e66b88" testName="ExxerCube.Prisma.Tests.Infrastructure.Export.Adaptive.TemplateFieldMapperContractTests.ValidateFieldValueAsync_WhenValueFailsRegex_ReturnsFailure" computerName="DESKTOP-FB2ES22" duration="00:00:00.0007864" startTime="2026-06-21T02:28:48.6268499+00:00" endTime="2026-06-21T02:28:48.6276741+00:00" testType="13CDC9D9-DDB5-4fa4-A97D-D965CCFC6D4B" outcome="Passed" testListId="8C84FA94-04C1-424b-9868-57A2D4851A1D" relativeResultsDirectory="cadba71f-b0dd-4710-be51-d7f939e5b38c" />
    <UnitTestResult executionId="217c7a93-eea6-48dd-8103-0424768a3cf7" testId="462cc941-1c92-e994-8dfc-3fd17be4749b" testName="ExxerCube.Prisma.Tests.Infrastructure.Export.Adaptive.TemplateFieldMapperMutationTests.ApplyTransformationAsync_WhenExpressionWhitespace_ReturnsOriginalValue" computerName="DESKTOP-FB2ES22" duration="00:00:00.0006852" startTime="2026-06-21T02:28:48.6271356+00:00" endTime="2026-06-21T02:28:48.6278524+00:00" testType="13CDC9D9-DDB5-4fa4-A97D-D965CCFC6D4B" outcome="Passed" testListId="8C84FA94-04C1-424b-9868-57A2D4851A1D" relativeResultsDirectory="217c7a93-eea6-48dd-8103-0424768a3cf7" />
    <UnitTestResult executionId="10609f41-ddf0-40ad-ad72-d47e9ad5f526" testId="10dde281-506e-3d1f-6dff-0bf465cdf4b7" testName="ExxerCube.Prisma.Tests.Infrastructure.Export.Adaptive.TemplateFieldMapperContractTests.ApplyTransformationAsync_ChainedTransformations_AppliesInOrder" computerName="DESKTOP-FB2ES22" duration="00:00:00.0006464" startTime="2026-06-21T02:28:48.6278686+00:00" endTime="2026-06-21T02:28:48.6285516+00:00" testType="13CDC9D9-DDB5-4fa4-A97D-D965CCFC6D4B" outcome="Passed" testListId="8C84FA94-04C1-424b-9868-57A2D4851A1D" relativeResultsDirectory="10609f41-ddf0-40ad-ad72-d47e9ad5f526" />
    <UnitTestResult executionId="e223bab6-afed-478b-8157-e761478388fd" testId="2684dfae-ceb7-b7f2-dafa-c2f559e07f98" testName="ExxerCube.Prisma.Tests.Infrastructure.Export.Adaptive.TemplateFieldMapperMutationTests.ValidateFieldValueAsync_WhenRegexPatternInvalid_ReturnsRuleError" computerName="DESKTOP-FB2ES22" duration="00:00:00.0008498" startTime="2026-06-21T02:28:48.6280432+00:00" endTime="2026-06-21T02:28:48.6289325+00:00" testType="13CDC9D9-DDB5-4fa4-A97D-D965CCFC6D4B" outcome="Passed" testListId="8C84FA94-04C1-424b-9868-57A2D4851A1D" relativeResultsDirectory="e223bab6-afed-478b-8157-e761478388fd" />
    <UnitTestResult executionId="6ae35111-52f4-4a54-9232-15328e9b0752" testId="1fd80c05-1d20-8c39-e74f-a81b4f760bad" testName="ExxerCube.Prisma.Tests.Infrastructure.Export.Adaptive.TemplateFieldMapperContractTests.MapAllFieldsAsync_WhenOptionalFieldMissing_ContinuesMapping" computerName="DESKTOP-FB2ES22" duration="00:00:00.0007371" startTime="2026-06-21T02:28:48.6287260+00:00" endTime="2026-06-21T02:28:48.6294957+00:00" testType="13CDC9D9-DDB5-4fa4-A97D-D965CCFC6D4B" outcome="Passed" testListId="8C84FA94-04C1-424b-9868-57A2D4851A1D" relativeResultsDirectory="6ae35111-52f4-4a54-9232-15328e9b0752" />
    <UnitTestResult executionId="03d95736-ee76-4fdb-941c-24bfe56ebf7a" testId="5de3e23b-783c-96ea-d9d6-d036f8ecdefb" testName="ExxerCube.Prisma.Tests.Infrastructure.Export.Adaptive.TemplateFieldMapperMutationTests.ValidateMappingAsync_WithValidNoArgTransform_ReturnsSuccess" computerName="DESKTOP-FB2ES22" duration="00:00:00.0006133" startTime="2026-06-21T02:28:48.6291090+00:00" endTime="2026-06-21T02:28:48.6297567+00:00" testType="13CDC9D9-DDB5-4fa4-A97D-D965CCFC6D4B" outcome="Passed" testListId="8C84FA94-04C1-424b-9868-57A2D4851A1D" relativeResultsDirectory="03d95736-ee76-4fdb-941c-24bfe56ebf7a" />
    <UnitTestResult executionId="37516a8a-0a4a-4ea3-ad63-42c62a5372a7" testId="2d64ebea-919c-21c5-3617-3fee53bf790d" testName="ExxerCube.Prisma.Tests.Infrastructure.Export.Adaptive.TemplateFieldMapperContractTests.ApplyTransformationAsync_Substring_ExtractsSubstring" computerName="DESKTOP-FB2ES22" duration="00:00:00.0010019" startTime="2026-06-21T02:28:48.6296549+00:00" endTime="2026-06-21T02:28:48.6306925+00:00" testType="13CDC9D9-DDB5-4fa4-A97D-D965CCFC6D4B" outcome="Passed" testListId="8C84FA94-04C1-424b-9868-57A2D4851A1D" relativeResultsDirectory="37516a8a-0a4a-4ea3-ad63-42c62a5372a7" />
    <UnitTestResult executionId="bf9a237d-f035-47c4-89a0-98c5c8d6897b" testId="ff07b411-7a35-0525-9837-dece7e5db423" testName="ExxerCube.Prisma.Tests.Infrastructure.Export.Adaptive.TemplateFieldMapperMutationTests.ValidateFieldValueAsync_MaxLength_AtBoundary_ReturnsSuccess" computerName="DESKTOP-FB2ES22" duration="00:00:00.0010503" startTime="2026-06-21T02:28:48.6299180+00:00" endTime="2026-06-21T02:28:48.6310074+00:00" testType="13CDC9D9-DDB5-4fa4-A97D-D965CCFC6D4B" outcome="Passed" testListId="8C84FA94-04C1-424b-9868-57A2D4851A1D" relativeResultsDirectory="bf9a237d-f035-47c4-89a0-98c5c8d6897b" />
    <UnitTestResult executionId="50f1c80b-e69c-4a8f-a616-cd30d1c73d00" testId="7635bfa8-6f9a-2a41-3b63-f571a349d970" testName="ExxerCube.Prisma.Tests.Infrastructure.Export.Adaptive.TemplateFieldMapperContractTests.ApplyTransformationAsync_Trim_RemovesWhitespace" computerName="DESKTOP-FB2ES22" duration="00:00:00.0007022" startTime="2026-06-21T02:28:48.6308716+00:00" endTime="2026-06-21T02:28:48.6316118+00:00" testType="13CDC9D9-DDB5-4fa4-A97D-D965CCFC6D4B" outcome="Passed" testListId="8C84FA94-04C1-424b-9868-57A2D4851A1D" relativeResultsDirectory="50f1c80b-e69c-4a8f-a616-cd30d1c73d00" />
    <UnitTestResult executionId="ea73189a-83d8-4397-b8f6-f977b7cfcee9" testId="5d34c951-bb36-fd9b-a09b-cc8554bdce5d" testName="ExxerCube.Prisma.Tests.Infrastructure.Export.Adaptive.TemplateFieldMapperMutationTests.MapAllFieldsAsync_WhenOptionalFieldFailsValidation_SkipsField" computerName="DESKTOP-FB2ES22" duration="00:00:00.0011973" startTime="2026-06-21T02:28:48.6311933+00:00" endTime="2026-06-21T02:28:48.6324253+00:00" testType="13CDC9D9-DDB5-4fa4-A97D-D965CCFC6D4B" outcome="Passed" testListId="8C84FA94-04C1-424b-9868-57A2D4851A1D" relativeResultsDirectory="ea73189a-83d8-4397-b8f6-f977b7cfcee9" />
    <UnitTestResult executionId="7a443a89-cc50-4730-bdcd-1382a0d378f7" testId="a54a416a-82cf-3f9d-fd44-b55cbf7882ff" testName="ExxerCube.Prisma.Tests.Infrastructure.Export.Adaptive.TemplateFieldMapperContractTests.MapAllFieldsAsync_WhenRequiredFieldMissing_ReturnsFailure" computerName="DESKTOP-FB2ES22" duration="00:00:00.0009564" startTime="2026-06-21T02:28:48.6317760+00:00" endTime="2026-06-21T02:28:48.6327736+00:00" testType="13CDC9D9-DDB5-4fa4-A97D-D965CCFC6D4B" outcome="Passed" testListId="8C84FA94-04C1-424b-9868-57A2D4851A1D" relativeResultsDirectory="7a443a89-cc50-4730-bdcd-1382a0d378f7" />
    <UnitTestResult executionId="3fbba64b-d4cb-4415-999b-4b9a5a22c075" testId="bad3933a-b3bd-4696-66bf-e0cfd6be2e9b" testName="ExxerCube.Prisma.Tests.Infrastructure.Export.Adaptive.TemplateFieldMapperMutationTests.MapFieldAsync_WhenValueNull_Optional_ReturnsDefault" computerName="DESKTOP-FB2ES22" duration="00:00:00.0007939" startTime="2026-06-21T02:28:48.6326129+00:00" endTime="2026-06-21T02:28:48.6334634+00:00" testType="13CDC9D9-DDB5-4fa4-A97D-D965CCFC6D4B" outcome="Passed" testListId="8C84FA94-04C1-424b-9868-57A2D4851A1D" relativeResultsDirectory="3fbba64b-d4cb-4415-999b-4b9a5a22c075" />
    <UnitTestResult executionId="27f2de91-fb42-434e-aaf4-c1e3c99e23b5" testId="a59ab042-6273-92ce-ec1e-169833f5cc67" testName="ExxerCube.Prisma.Tests.Infrastructure.Export.Adaptive.TemplateFieldMapperContractTests.ValidateMappingAsync_WhenMappingValid_ReturnsSuccess" computerName="DESKTOP-FB2ES22" duration="00:00:00.0006612" startTime="2026-06-21T02:28:48.6329443+00:00" endTime="2026-06-21T02:28:48.6336528+00:00" testType="13CDC9D9-DDB5-4fa4-A97D-D965CCFC6D4B" outcome="Passed" testListId="8C84FA94-04C1-424b-9868-57A2D4851A1D" relativeResultsDirectory="27f2de91-fb42-434e-aaf4-c1e3c99e23b5" />
    <UnitTestResult executionId="6ce05149-433f-4e2b-9add-199345ba1f35" testId="cac742f3-e092-c320-a274-1c7b7a6d02af" testName="ExxerCube.Prisma.Tests.Infrastructure.Export.Adaptive.TemplateFieldMapperMutationTests.MapFieldAsync_DateTimeWithCustomFormat_UsesThatFormat" computerName="DESKTOP-FB2ES22" duration="00:00:00.0009280" startTime="2026-06-21T02:28:48.6338141+00:00" endTime="2026-06-21T02:28:48.6347937+00:00" testType="13CDC9D9-DDB5-4fa4-A97D-D965CCFC6D4B" outcome="Passed" testListId="8C84FA94-04C1-424b-9868-57A2D4851A1D" relativeResultsDirectory="6ce05149-433f-4e2b-9add-199345ba1f35" />
    <UnitTestResult executionId="dc6a931e-be04-410e-94e8-61ca9e81441c" testId="61d1863a-d999-0aed-65ad-894a676ec93e" testName="ExxerCube.Prisma.Tests.Infrastructure.Export.Adaptive.TemplateFieldMapperContractTests.ValidateFieldValueAsync_WhenValueMeetsMinLength_ReturnsSuccess" computerName="DESKTOP-FB2ES22" duration="00:00:00.0008243" startTime="2026-06-21T02:28:48.6339712+00:00" endTime="2026-06-21T02:28:48.6348510+00:00" testType="13CDC9D9-DDB5-4fa4-A97D-D965CCFC6D4B" outcome="Passed" testListId="8C84FA94-04C1-424b-9868-57A2D4851A1D" relativeResultsDirectory="dc6a931e-be04-410e-94e8-61ca9e81441c" />
    <UnitTestResult executionId="e2ed7c13-794a-4570-b8f5-3b2044ce0527" testId="ca5f3a78-29a5-2eff-3f21-0ac827d58945" testName="ExxerCube.Prisma.Tests.Infrastructure.Export.Adaptive.TemplateFieldMapperMutationTests.MapFieldAsync_WhenMappingNull_ReturnsExactError" computerName="DESKTOP-FB2ES22" duration="00:00:00.0005569" startTime="2026-06-21T02:28:48.6349964+00:00" endTime="2026-06-21T02:28:48.6355869+00:00" testType="13CDC9D9-DDB5-4fa4-A97D-D965CCFC6D4B" outcome="Passed" testListId="8C84FA94-04C1-424b-9868-57A2D4851A1D" relativeResultsDirectory="e2ed7c13-794a-4570-b8f5-3b2044ce0527" />
    <UnitTestResult executionId="e775394e-6427-4ad3-8b76-babd64edae29" testId="a0766efe-f0b4-99f3-e97f-eab9ac6b153f" testName="ExxerCube.Prisma.Tests.Infrastructure.Export.Adaptive.TemplateFieldMapperContractTests.MapFieldAsync_WithFormatting_ReturnsFormattedValue" computerName="DESKTOP-FB2ES22" duration="00:00:00.0016274" startTime="2026-06-21T02:28:48.6350312+00:00" endTime="2026-06-21T02:28:48.6366906+00:00" testType="13CDC9D9-DDB5-4fa4-A97D-D965CCFC6D4B" outcome="Passed" testListId="8C84FA94-04C1-424b-9868-57A2D4851A1D" relativeResultsDirectory="e775394e-6427-4ad3-8b76-babd64edae29" />
    <UnitTestResult executionId="35a611fa-415b-44b9-85aa-18304e840ba1" testId="e5951588-be85-33dc-03e9-db263366ccb3" testName="ExxerCube.Prisma.Tests.Infrastructure.Export.Adaptive.TemplateFieldMapperMutationTests.MapAllFieldsAsync_ProcessesInDisplayOrder_LastWriteWins" computerName="DESKTOP-FB2ES22" duration="00:00:00.0010726" startTime="2026-06-21T02:28:48.6357613+00:00" endTime="2026-06-21T02:28:48.6368654+00:00" testType="13CDC9D9-DDB5-4fa4-A97D-D965CCFC6D4B" outcome="Passed" testListId="8C84FA94-04C1-424b-9868-57A2D4851A1D" relativeResultsDirectory="35a611fa-415b-44b9-85aa-18304e840ba1" />
    <UnitTestResult executionId="5f3df279-ebf7-450d-9b40-75a8ae2eb6ec" testId="a3788189-40f7-7243-9f14-32d95f24c828" testName="ExxerCube.Prisma.Tests.Infrastructure.Export.Adaptive.TemplateFieldMapperContractTests.ValidateFieldValueAsync_WhenValueOutOfRange_ReturnsFailure" computerName="DESKTOP-FB2ES22" duration="00:00:00.0009002" startTime="2026-06-21T02:28:48.6368709+00:00" endTime="2026-06-21T02:28:48.6378040+00:00" testType="13CDC9D9-DDB5-4fa4-A97D-D965CCFC6D4B" outcome="Passed" testListId="8C84FA94-04C1-424b-9868-57A2D4851A1D" relativeResultsDirectory="5f3df279-ebf7-450d-9b40-75a8ae2eb6ec" />
    <UnitTestResult executionId="3e54577c-e38c-4a6d-bdba-4c065914fe3c" testId="a32428ec-b2db-a25a-1c89-0258139b0821" testName="ExxerCube.Prisma.Tests.Infrastructure.Export.Adaptive.TemplateFieldMapperMutationTests.ApplyTransformationAsync_PadLeft_PadsOnLeft" computerName="DESKTOP-FB2ES22" duration="00:00:00.0011543" startTime="2026-06-21T02:28:48.6370505+00:00" endTime="2026-06-21T02:28:48.6382425+00:00" testType="13CDC9D9-DDB5-4fa4-A97D-D965CCFC6D4B" outcome="Passed" testListId="8C84FA94-04C1-424b-9868-57A2D4851A1D" relativeResultsDirectory="3e54577c-e38c-4a6d-bdba-4c065914fe3c" />
    <UnitTestResult executionId="19c140f1-7caf-4deb-b97e-99480d7230f0" testId="41faae19-39a7-40bb-a5cb-ac24d5d4eed8" testName="ExxerCube.Prisma.Tests.Infrastructure.Export.Adaptive.TemplateFieldMapperContractTests.MapFieldAsync_WithNestedProperty_ReturnsNestedValue" computerName="DESKTOP-FB2ES22" duration="00:00:00.0009347" startTime="2026-06-21T02:28:48.6379892+00:00" endTime="2026-06-21T02:28:48.6389695+00:00" testType="13CDC9D9-DDB5-4fa4-A97D-D965CCFC6D4B" outcome="Passed" testListId="8C84FA94-04C1-424b-9868-57A2D4851A1D" relativeResultsDirectory="19c140f1-7caf-4deb-b97e-99480d7230f0" />
    <UnitTestResult executionId="a3b60b58-2c16-4d10-b949-2d49babf2b50" testId="0608ed0f-ce9c-e1a2-8ee0-603cc597edda" testName="ExxerCube.Prisma.Tests.Infrastructure.Export.Adaptive.TemplateFieldMapperMutationTests.ValidateFieldValueAsync_MaxLength_Exceeded_ReturnsFailure" computerName="DESKTOP-FB2ES22" duration="00:00:00.0005697" startTime="2026-06-21T02:28:48.6384284+00:00" endTime="2026-06-21T02:28:48.6390367+00:00" testType="13CDC9D9-DDB5-4fa4-A97D-D965CCFC6D4B" outcome="Passed" testListId="8C84FA94-04C1-424b-9868-57A2D4851A1D" relativeResultsDirectory="a3b60b58-2c16-4d10-b949-2d49babf2b50" />
    <UnitTestResult executionId="588dbc05-580e-4b47-892b-da8119081e73" testId="7ce81ba1-d560-350b-b014-621f00749e0c" testName="ExxerCube.Prisma.Tests.Infrastructure.Export.Adaptive.TemplateFieldMapperContractTests.ValidateMappingAsync_WhenCancellationRequested_ReturnsCancelled" computerName="DESKTOP-FB2ES22" duration="00:00:00.0005327" startTime="2026-06-21T02:28:48.6391463+00:00" endTime="2026-06-21T02:28:48.6397129+00:00" testType="13CDC9D9-DDB5-4fa4-A97D-D965CCFC6D4B" outcome="Passed" testListId="8C84FA94-04C1-424b-9868-57A2D4851A1D" relativeResultsDirectory="588dbc05-580e-4b47-892b-da8119081e73" />
    <UnitTestResult executionId="0bbb5d49-2c9d-42b4-9eb9-8bb9a93f679b" testId="1231960c-d903-f376-ccbd-fab8eac81289" testName="ExxerCube.Prisma.Tests.Infrastructure.Export.Adaptive.TemplateFieldMapperMutationTests.ValidateFieldValueAsync_EmailAddress_Invalid_ReturnsFailure" computerName="DESKTOP-FB2ES22" duration="00:00:00.0008704" startTime="2026-06-21T02:28:48.6392277+00:00" endTime="2026-06-21T02:28:48.6401313+00:00" testType="13CDC9D9-DDB5-4fa4-A97D-D965CCFC6D4B" outcome="Passed" testListId="8C84FA94-04C1-424b-9868-57A2D4851A1D" relativeResultsDirectory="0bbb5d49-2c9d-42b4-9eb9-8bb9a93f679b" />
    <UnitTestResult executionId="b0e91961-07eb-427b-8a41-8df4a6192c24" testId="7378f00b-4830-d040-ad9f-feb4cf8da982" testName="ExxerCube.Prisma.Tests.Infrastructure.Export.Adaptive.TemplateFieldMapperMutationTests.MapFieldAsync_DateTimeNoFormat_UsesDefaultIsoDate" computerName="DESKTOP-FB2ES22" duration="00:00:00.0011273" startTime="2026-06-21T02:28:48.6403230+00:00" endTime="2026-06-21T02:28:48.6414984+00:00" testType="13CDC9D9-DDB5-4fa4-A97D-D965CCFC6D4B" outcome="Passed" testListId="8C84FA94-04C1-424b-9868-57A2D4851A1D" relativeResultsDirectory="b0e91961-07eb-427b-8a41-8df4a6192c24" />
    <UnitTestResult executionId="82d913c1-2ddb-4642-ab94-162158c03992" testId="15c75627-f074-6988-ffec-3cc966c057a0" testName="ExxerCube.Prisma.Tests.Infrastructure.Export.Adaptive.TemplateFieldMapperMutationTests.MapAllFieldsAsync_WhenSourceNull_ReturnsExactError" computerName="DESKTOP-FB2ES22" duration="00:00:00.0007021" startTime="2026-06-21T02:28:48.6417530+00:00" endTime="2026-06-21T02:28:48.6424944+00:00" testType="13CDC9D9-DDB5-4fa4-A97D-D965CCFC6D4B" outcome="Passed" testListId="8C84FA94-04C1-424b-9868-57A2D4851A1D" relativeResultsDirectory="82d913c1-2ddb-4642-ab94-162158c03992" />
    <UnitTestResult executionId="2e555789-48f7-4f53-99ec-c9c5892969c1" testId="e7fb430e-facb-9edb-70eb-eb3e1d4af7b2" testName="ExxerCube.Prisma.Tests.Infrastructure.Export.Adaptive.TemplateFieldMapperMutationTests.ValidateFieldValueAsync_Required_NonEmpty_ReturnsSuccess" computerName="DESKTOP-FB2ES22" duration="00:00:00.0005165" startTime="2026-06-21T02:28:48.6427043+00:00" endTime="2026-06-21T02:28:48.6432600+00:00" testType="13CDC9D9-DDB5-4fa4-A97D-D965CCFC6D4B" outcome="Passed" testListId="8C84FA94-04C1-424b-9868-57A2D4851A1D" relativeResultsDirectory="2e555789-48f7-4f53-99ec-c9c5892969c1" />
    <UnitTestResult executionId="d2017cd7-5bc2-4f9f-9c19-5a6a8d0294c9" testId="e7cf1d11-6d56-83a6-419a-95fffd4ded5d" testName="ExxerCube.Prisma.Tests.Infrastructure.Export.Adaptive.TemplateFieldMapperMutationTests.MapFieldAsync_WhenSourceNull_ReturnsExactError" computerName="DESKTOP-FB2ES22" duration="00:00:00.0007452" startTime="2026-06-21T02:28:48.6434330+00:00" endTime="2026-06-21T02:28:48.6442110+00:00" testType="13CDC9D9-DDB5-4fa4-A97D-D965CCFC6D4B" outcome="Passed" testListId="8C84FA94-04C1-424b-9868-57A2D4851A1D" relativeResultsDirectory="d2017cd7-5bc2-4f9f-9c19-5a6a8d0294c9" />
    <UnitTestResult executionId="93022d03-15d8-40f7-81a3-8e47f4e2b4e4" testId="e43d313b-5b44-0bb7-ea22-951b2ac0b63f" testName="ExxerCube.Prisma.Tests.Infrastructure.Export.Adaptive.TemplateFieldMapperMutationTests.MapFieldAsync_WhenRequiredFieldAbsent_ReturnsNotFoundError" computerName="DESKTOP-FB2ES22" duration="00:00:00.0008861" startTime="2026-06-21T02:28:48.6443985+00:00" endTime="2026-06-21T02:28:48.6453253+00:00" testType="13CDC9D9-DDB5-4fa4-A97D-D965CCFC6D4B" outcome="Passed" testListId="8C84FA94-04C1-424b-9868-57A2D4851A1D" relativeResultsDirectory="93022d03-15d8-40f7-81a3-8e47f4e2b4e4" />
    <UnitTestResult executionId="c9dd0937-baea-4c0e-a57f-fae6bdd1d7dd" testId="fefc8606-16df-d396-c670-bbcb7ab83e80" testName="ExxerCube.Prisma.Tests.Infrastructure.Export.Adaptive.TemplateFieldMapperMutationTests.ValidateFieldValueAsync_EmailAddress_Valid_ReturnsSuccess" computerName="DESKTOP-FB2ES22" duration="00:00:00.0005932" startTime="2026-06-21T02:28:48.6454990+00:00" endTime="2026-06-21T02:28:48.6461306+00:00" testType="13CDC9D9-DDB5-4fa4-A97D-D965CCFC6D4B" outcome="Passed" testListId="8C84FA94-04C1-424b-9868-57A2D4851A1D" relativeResultsDirectory="c9dd0937-baea-4c0e-a57f-fae6bdd1d7dd" />
    <UnitTestResult executionId="b64125e9-161c-47ec-bee8-59abe7efefde" testId="82170d0b-26d3-55c7-8029-e37fa2060b1a" testName="ExxerCube.Prisma.Tests.Infrastructure.Export.Adaptive.TemplateFieldMapperMutationTests.MapFieldAsync_WhenOptionalFieldAbsent_NoDefault_ReturnsEmpty" computerName="DESKTOP-FB2ES22" duration="00:00:00.0008921" startTime="2026-06-21T02:28:48.6463366+00:00" endTime="2026-06-21T02:28:48.6472660+00:00" testType="13CDC9D9-DDB5-4fa4-A97D-D965CCFC6D4B" outcome="Passed" testListId="8C84FA94-04C1-424b-9868-57A2D4851A1D" relativeResultsDirectory="b64125e9-161c-47ec-bee8-59abe7efefde" />
    <UnitTestResult executionId="4a731caa-fb2c-4e5d-b9f7-8261ea3037c0" testId="e2952daf-e579-9c52-d71e-56e12d6fcc4a" testName="ExxerCube.Prisma.Tests.Infrastructure.Export.Adaptive.TemplateFieldMapperMutationTests.MapFieldAsync_WhenFormatInvalid_ReturnsMapFieldError" computerName="DESKTOP-FB2ES22" duration="00:00:00.0009343" startTime="2026-06-21T02:28:48.6474604+00:00" endTime="2026-06-21T02:28:48.6484258+00:00" testType="13CDC9D9-DDB5-4fa4-A97D-D965CCFC6D4B" outcome="Passed" testListId="8C84FA94-04C1-424b-9868-57A2D4851A1D" relativeResultsDirectory="4a731caa-fb2c-4e5d-b9f7-8261ea3037c0" />
    <UnitTestResult executionId="4fd53b67-0fc1-42f8-9b14-a06b2aed54e8" testId="8419283f-5208-6930-e116-fa4dedf3a6a3" testName="ExxerCube.Prisma.Tests.Infrastructure.Export.Adaptive.TemplateFieldMapperMutationTests.Constructor_WhenLoggerNull_ThrowsArgumentNullException" computerName="DESKTOP-FB2ES22" duration="00:00:00.0012734" startTime="2026-06-21T02:28:48.6485979+00:00" endTime="2026-06-21T02:28:48.6499292+00:00" testType="13CDC9D9-DDB5-4fa4-A97D-D965CCFC6D4B" outcome="Passed" testListId="8C84FA94-04C1-424b-9868-57A2D4851A1D" relativeResultsDirectory="4fd53b67-0fc1-42f8-9b14-a06b2aed54e8" />
    <UnitTestResult executionId="ff68f38d-8e9e-4a18-928c-be56ca3cf8ff" testId="15057e4e-6fe8-9b44-6f0d-26768e4cc9eb" testName="ExxerCube.Prisma.Tests.Infrastructure.Export.Adaptive.TemplateFieldMapperMutationTests.MapFieldAsync_WhenValidationRulesFail_ReturnsFailure" computerName="DESKTOP-FB2ES22" duration="00:00:00.0005814" startTime="2026-06-21T02:28:48.6501206+00:00" endTime="2026-06-21T02:28:48.6507418+00:00" testType="13CDC9D9-DDB5-4fa4-A97D-D965CCFC6D4B" outcome="Passed" testListId="8C84FA94-04C1-424b-9868-57A2D4851A1D" relativeResultsDirectory="ff68f38d-8e9e-4a18-928c-be56ca3cf8ff" />
    <UnitTestResult executionId="c37edbc8-d4e9-4098-809a-0f511a2d1aa8" testId="e3005f3b-a22c-290f-3136-f2dab1d8ee82" testName="ExxerCube.Prisma.Tests.Infrastructure.Export.Adaptive.TemplateFieldMapperMutationTests.ValidateMappingAsync_WithValidParameterizedTransform_ReturnsSuccess" computerName="DESKTOP-FB2ES22" duration="00:00:00.0006476" startTime="2026-06-21T02:28:48.6508961+00:00" endTime="2026-06-21T02:28:48.6515876+00:00" testType="13CDC9D9-DDB5-4fa4-A97D-D965CCFC6D4B" outcome="Passed" testListId="8C84FA94-04C1-424b-9868-57A2D4851A1D" relativeResultsDirectory="c37edbc8-d4e9-4098-809a-0f511a2d1aa8" />
    <UnitTestResult executionId="6754b6f6-d9a7-49c8-90bd-cbf2c52d1223" testId="e42b2b63-beb5-53d4-7bf5-552ab8a89e04" testName="ExxerCube.Prisma.Tests.Infrastructure.Export.Adaptive.SchemaEvolutionDetectorMutationTests.DetectDriftAsync_MissingOptionalFieldOnly_IsMediumSeverity" computerName="DESKTOP-FB2ES22" duration="00:00:00.3752543" startTime="2026-06-21T02:28:48.2959232+00:00" endTime="2026-06-21T02:28:48.6753466+00:00" testType="13CDC9D9-DDB5-4fa4-A97D-D965CCFC6D4B" outcome="Passed" testListId="8C84FA94-04C1-424b-9868-57A2D4851A1D" relativeResultsDirectory="6754b6f6-d9a7-49c8-90bd-cbf2c52d1223" />
    <UnitTestResult executionId="4836c9b4-32ce-4bee-ac68-41d7d60a7b73" testId="542cb40a-5032-a992-15d1-609bb2d2c0e9" testName="ExxerCube.Prisma.Tests.Infrastructure.Export.Adaptive.SchemaEvolutionDetectorMutationTests.CalculateSimilarity_StripsKnownPrefix_NormalizesToName(prefixed: &quot;setName&quot;)" computerName="DESKTOP-FB2ES22" duration="00:00:00.0024541" startTime="2026-06-21T02:28:48.6761150+00:00" endTime="2026-06-21T02:28:48.6786283+00:00" testType="13CDC9D9-DDB5-4fa4-A97D-D965CCFC6D4B" outcome="Passed" testListId="8C84FA94-04C1-424b-9868-57A2D4851A1D" relativeResultsDirectory="4836c9b4-32ce-4bee-ac68-41d7d60a7b73" />
    <UnitTestResult executionId="9b252f04-b807-4104-a86a-f2a212ccb9bf" testId="b0d4bacb-ff63-e900-cb99-68f30d37b38f" testName="ExxerCube.Prisma.Tests.Infrastructure.Export.Adaptive.SchemaEvolutionDetectorMutationTests.CalculateSimilarity_StripsKnownPrefix_NormalizesToName(prefixed: &quot;theName&quot;)" computerName="DESKTOP-FB2ES22" duration="00:00:00.0002898" startTime="2026-06-21T02:28:48.6787905+00:00" endTime="2026-06-21T02:28:48.6791282+00:00" testType="13CDC9D9-DDB5-4fa4-A97D-D965CCFC6D4B" outcome="Passed" testListId="8C84FA94-04C1-424b-9868-57A2D4851A1D" relativeResultsDirectory="9b252f04-b807-4104-a86a-f2a212ccb9bf" />
    <UnitTestResult executionId="35edfd9b-63e0-45b9-80e1-88360307094d" testId="d021b8fc-4134-464e-1030-b97b4ce16a6c" testName="ExxerCube.Prisma.Tests.Infrastructure.Export.Adaptive.SchemaEvolutionDetectorMutationTests.CalculateSimilarity_StripsKnownPrefix_NormalizesToName(prefixed: &quot;hasName&quot;)" computerName="DESKTOP-FB2ES22" duration="00:00:00.0000771" startTime="2026-06-21T02:28:48.6792214+00:00" endTime="2026-06-21T02:28:48.6793447+00:00" testType="13CDC9D9-DDB5-4fa4-A97D-D965CCFC6D4B" outcome="Passed" testListId="8C84FA94-04C1-424b-9868-57A2D4851A1D" relativeResultsDirectory="35edfd9b-63e0-45b9-80e1-88360307094d" />
    <UnitTestResult executionId="9f31a615-6d93-4cf0-a459-79758c88082d" testId="d7583c42-e11b-5d19-8f16-926a310a6aaa" testName="ExxerCube.Prisma.Tests.Infrastructure.Export.Adaptive.SchemaEvolutionDetectorMutationTests.CalculateSimilarity_StripsKnownPrefix_NormalizesToName(prefixed: &quot;isName&quot;)" computerName="DESKTOP-FB2ES22" duration="00:00:00.0000540" startTime="2026-06-21T02:28:48.6794243+00:00" endTime="2026-06-21T02:28:48.6795029+00:00" testType="13CDC9D9-DDB5-4fa4-A97D-D965CCFC6D4B" outcome="Passed" testListId="8C84FA94-04C1-424b-9868-57A2D4851A1D" relativeResultsDirectory="9f31a615-6d93-4cf0-a459-79758c88082d" />
    <UnitTestResult executionId="7b6b67ab-6657-4eff-9c83-5ca48505502d" testId="4038a39b-79fd-6a14-361e-f856d808482a" testName="ExxerCube.Prisma.Tests.Infrastructure.Export.Adaptive.SchemaEvolutionDetectorMutationTests.CalculateSimilarity_StripsKnownPrefix_NormalizesToName(prefixed: &quot;getName&quot;)" computerName="DESKTOP-FB2ES22" duration="00:00:00.0001401" startTime="2026-06-21T02:28:48.6878157+00:00" endTime="2026-06-21T02:28:48.6880360+00:00" testType="13CDC9D9-DDB5-4fa4-A97D-D965CCFC6D4B" outcome="Passed" testListId="8C84FA94-04C1-424b-9868-57A2D4851A1D" relativeResultsDirectory="7b6b67ab-6657-4eff-9c83-5ca48505502d" />
    <UnitTestResult executionId="8f3ec981-264f-4594-a3b4-151e711f4be0" testId="a755d3be-2643-c359-0508-711f11fd8491" testName="ExxerCube.Prisma.Tests.Infrastructure.Export.Adaptive.AdaptiveExporterErrorPathTests.ExportWithVersionAsync_WhenMappingFails_PrefixesFieldMappingFailed" computerName="DESKTOP-FB2ES22" duration="00:00:00.4013049" startTime="2026-06-21T02:28:48.2959120+00:00" endTime="2026-06-21T02:28:48.7013556+00:00" testType="13CDC9D9-DDB5-4fa4-A97D-D965CCFC6D4B" outcome="Passed" testListId="8C84FA94-04C1-424b-9868-57A2D4851A1D" relativeResultsDirectory="8f3ec981-264f-4594-a3b4-151e711f4be0" />
    <UnitTestResult executionId="048d4a49-c0bc-4b46-a8b9-1f7f237c70a8" testId="26644e65-d800-5b60-57ab-bc5efe74369c" testName="ExxerCube.Prisma.Tests.Infrastructure.Export.Adaptive.SchemaEvolutionDetectorMutationTests.DetectDriftAsync_WithCollectionProperty_DoesNotRecurseIntoIt" computerName="DESKTOP-FB2ES22" duration="00:00:00.0131124" startTime="2026-06-21T02:28:48.6883748+00:00" endTime="2026-06-21T02:28:48.7015356+00:00" testType="13CDC9D9-DDB5-4fa4-A97D-D965CCFC6D4B" outcome="Passed" testListId="8C84FA94-04C1-424b-9868-57A2D4851A1D" relativeResultsDirectory="048d4a49-c0bc-4b46-a8b9-1f7f237c70a8" />
    <UnitTestResult executionId="14527870-663a-43d4-8758-da2a337c45ce" testId="97dd5d3b-f563-33c3-9ab8-b6d6521e426d" testName="ExxerCube.Prisma.Tests.Infrastructure.Export.Adaptive.AdaptiveResponseExporterAdapterTests.ExportSiroXmlAsync_WhenDelegateFails_PropagatesErrorAndWritesNothing" computerName="DESKTOP-FB2ES22" duration="00:00:00.4037790" startTime="2026-06-21T02:28:48.2959720+00:00" endTime="2026-06-21T02:28:48.7039025+00:00" testType="13CDC9D9-DDB5-4fa4-A97D-D965CCFC6D4B" outcome="Passed" testListId="8C84FA94-04C1-424b-9868-57A2D4851A1D" relativeResultsDirectory="14527870-663a-43d4-8758-da2a337c45ce" />
    <UnitTestResult executionId="521cff91-2a66-489e-aaa6-0698d9e218a1" testId="70feda3c-757f-c3c6-c6e2-0253c3b282e3" testName="ExxerCube.Prisma.Tests.Infrastructure.Export.Adaptive.AdaptiveResponseExporterAdapterTests.ExportSignedPdfAsync_ReturnsNotYetImplementedFailure" computerName="DESKTOP-FB2ES22" duration="00:00:00.0019992" startTime="2026-06-21T02:28:48.7041946+00:00" endTime="2026-06-21T02:28:48.7062753+00:00" testType="13CDC9D9-DDB5-4fa4-A97D-D965CCFC6D4B" outcome="Passed" testListId="8C84FA94-04C1-424b-9868-57A2D4851A1D" relativeResultsDirectory="521cff91-2a66-489e-aaa6-0698d9e218a1" />
    <UnitTestResult executionId="a6b77428-bf38-4471-a2ad-1b1901ff8fcb" testId="68854294-4cdc-e816-98cf-8ee7fce13478" testName="ExxerCube.Prisma.Tests.Infrastructure.Export.Adaptive.AdaptiveExporterErrorPathTests.ValidateExportAsync_WhenMapperThrows_ReturnsValidationError" computerName="DESKTOP-FB2ES22" duration="00:00:00.0058453" startTime="2026-06-21T02:28:48.7015979+00:00" endTime="2026-06-21T02:28:48.7074856+00:00" testType="13CDC9D9-DDB5-4fa4-A97D-D965CCFC6D4B" outcome="Passed" testListId="8C84FA94-04C1-424b-9868-57A2D4851A1D" relativeResultsDirectory="a6b77428-bf38-4471-a2ad-1b1901ff8fcb" />
    <UnitTestResult executionId="7e82795b-ebcf-4204-ac1e-90d408f10d10" testId="9dad7ca9-ff08-e7c6-31b2-dff13afcb05a" testName="ExxerCube.Prisma.Tests.Infrastructure.Export.Adaptive.AdaptiveResponseExporterAdapterTests.Constructor_WhenLoggerNull_Throws" computerName="DESKTOP-FB2ES22" duration="00:00:00.0007553" startTime="2026-06-21T02:28:48.7066626+00:00" endTime="2026-06-21T02:28:48.7075064+00:00" testType="13CDC9D9-DDB5-4fa4-A97D-D965CCFC6D4B" outcome="Passed" testListId="8C84FA94-04C1-424b-9868-57A2D4851A1D" relativeResultsDirectory="7e82795b-ebcf-4204-ac1e-90d408f10d10" />
    <UnitTestResult executionId="e653da88-d903-440b-a922-7de0c538359e" testId="9b21e8f9-cd9d-e57b-6452-62cadc0db37f" testName="ExxerCube.Prisma.Tests.Infrastructure.Export.Adaptive.AdaptiveResponseExporterAdapterTests.Constructor_WhenAdaptiveExporterNull_Throws" computerName="DESKTOP-FB2ES22" duration="00:00:00.0006780" startTime="2026-06-21T02:28:48.7076868+00:00" endTime="2026-06-21T02:28:48.7084131+00:00" testType="13CDC9D9-DDB5-4fa4-A97D-D965CCFC6D4B" outcome="Passed" testListId="8C84FA94-04C1-424b-9868-57A2D4851A1D" relativeResultsDirectory="e653da88-d903-440b-a922-7de0c538359e" />
    <UnitTestResult executionId="44532f0a-6d54-4e5f-9d21-815ac91498f4" testId="91497bf1-d84d-e8bb-9a28-6aa3cfb2ccbd" testName="ExxerCube.Prisma.Tests.Infrastructure.Export.Adaptive.AdaptiveExporterErrorPathTests.GetActiveTemplateAsync_WhenRepositoryThrows_ReturnsRetrievingError" computerName="DESKTOP-FB2ES22" duration="00:00:00.0012240" startTime="2026-06-21T02:28:48.7076916+00:00" endTime="2026-06-21T02:28:48.7089497+00:00" testType="13CDC9D9-DDB5-4fa4-A97D-D965CCFC6D4B" outcome="Passed" testListId="8C84FA94-04C1-424b-9868-57A2D4851A1D" relativeResultsDirectory="44532f0a-6d54-4e5f-9d21-815ac91498f4" />
    <UnitTestResult executionId="4dc59016-ab84-4638-b970-244b4e46408c" testId="3f35035d-2c34-e6ab-a9b4-94fd0760ec68" testName="ExxerCube.Prisma.Tests.Infrastructure.Export.Adaptive.AdaptiveExporterCachingTests.GetActiveTemplateAsync_SecondCall_ServedFromCache_RepositoryHitOnce" computerName="DESKTOP-FB2ES22" duration="00:00:00.4090585" startTime="2026-06-21T02:28:48.2959556+00:00" endTime="2026-06-21T02:28:48.7091599+00:00" testType="13CDC9D9-DDB5-4fa4-A97D-D965CCFC6D4B" outcome="Passed" testListId="8C84FA94-04C1-424b-9868-57A2D4851A1D" relativeResultsDirectory="4dc59016-ab84-4638-b970-244b4e46408c" />
    <UnitTestResult executionId="a1140005-a81a-489b-b461-bbc69a75eb55" testId="48001a1a-3d01-afde-f73b-41e45bb87e72" testName="ExxerCube.Prisma.Tests.Infrastructure.Export.Adaptive.SchemaEvolutionDetectorMutationTests.SuggestFieldMappingsAsync_MapsDataTypesNullabilityAndHumanizesNames" computerName="DESKTOP-FB2ES22" duration="00:00:00.0077705" startTime="2026-06-21T02:28:48.7017169+00:00" endTime="2026-06-21T02:28:48.7095252+00:00" testType="13CDC9D9-DDB5-4fa4-A97D-D965CCFC6D4B" outcome="Passed" testListId="8C84FA94-04C1-424b-9868-57A2D4851A1D" relativeResultsDirectory="a1140005-a81a-489b-b461-bbc69a75eb55" />
    <UnitTestResult executionId="3e1f7ef5-b897-4da9-a812-8cf86cf1e097" testId="9bbf5702-6fb8-1598-83b3-4dcef2d71b04" testName="ExxerCube.Prisma.Tests.Infrastructure.Export.Adaptive.AdaptiveResponseExporterAdapterTests.ExportSiroXmlAsync_WhenDelegateReturnsNullBytes_ReturnsNullBytesFailure" computerName="DESKTOP-FB2ES22" duration="00:00:00.0012613" startTime="2026-06-21T02:28:48.7085966+00:00" endTime="2026-06-21T02:28:48.7098997+00:00" testType="13CDC9D9-DDB5-4fa4-A97D-D965CCFC6D4B" outcome="Passed" testListId="8C84FA94-04C1-424b-9868-57A2D4851A1D" relativeResultsDirectory="3e1f7ef5-b897-4da9-a812-8cf86cf1e097" />
    <UnitTestResult executionId="bf22768d-e30e-436a-943a-faca19ae0e23" testId="f68a46bf-d3a1-8968-a384-4c5ceda416aa" testName="ExxerCube.Prisma.Tests.Infrastructure.Export.Adaptive.AdaptiveExporterCachingTests.ClearTemplateCache_ForcesRepositoryReload" computerName="DESKTOP-FB2ES22" duration="00:00:00.0015220" startTime="2026-06-21T02:28:48.7094801+00:00" endTime="2026-06-21T02:28:48.7110530+00:00" testType="13CDC9D9-DDB5-4fa4-A97D-D965CCFC6D4B" outcome="Passed" testListId="8C84FA94-04C1-424b-9868-57A2D4851A1D" relativeResultsDirectory="bf22768d-e30e-436a-943a-faca19ae0e23" />
    <UnitTestResult executionId="07f41377-3414-4d1f-b9a7-b84965069eee" testId="46864832-406b-a646-1d1c-99975c5f08e1" testName="ExxerCube.Prisma.Tests.Infrastructure.Export.Adaptive.SchemaEvolutionDetectorMutationTests.DetectDriftAsync_NewField_CapturesSampleValueAndType" computerName="DESKTOP-FB2ES22" duration="00:00:00.0015542" startTime="2026-06-21T02:28:48.7096987+00:00" endTime="2026-06-21T02:28:48.7112883+00:00" testType="13CDC9D9-DDB5-4fa4-A97D-D965CCFC6D4B" outcome="Passed" testListId="8C84FA94-04C1-424b-9868-57A2D4851A1D" relativeResultsDirectory="07f41377-3414-4d1f-b9a7-b84965069eee" />
    <UnitTestResult executionId="24d065b9-6499-42b0-9714-57969c779fbf" testId="1cd6cdf6-719b-e4de-dc9f-49043830ec66" testName="ExxerCube.Prisma.Tests.Infrastructure.Export.Adaptive.AdaptiveExporterCachingTests.GetActiveTemplateAsync_CachesPerTemplateType_NoCrossTypeCollision" computerName="DESKTOP-FB2ES22" duration="00:00:00.0010449" startTime="2026-06-21T02:28:48.7112312+00:00" endTime="2026-06-21T02:28:48.7123124+00:00" testType="13CDC9D9-DDB5-4fa4-A97D-D965CCFC6D4B" outcome="Passed" testListId="8C84FA94-04C1-424b-9868-57A2D4851A1D" relativeResultsDirectory="24d065b9-6499-42b0-9714-57969c779fbf" />
    <UnitTestResult executionId="686e4f0a-0565-42d8-bdbe-217095661d74" testId="3e4bc28d-ac03-25c0-18bc-5b7ea3d38c8b" testName="ExxerCube.Prisma.Tests.Infrastructure.Export.Adaptive.SchemaEvolutionDetectorMutationTests.CalculateSimilarity_LevenshteinNoOverlap_ReturnsZero" computerName="DESKTOP-FB2ES22" duration="00:00:00.0010289" startTime="2026-06-21T02:28:48.7114520+00:00" endTime="2026-06-21T02:28:48.7125324+00:00" testType="13CDC9D9-DDB5-4fa4-A97D-D965CCFC6D4B" outcome="Passed" testListId="8C84FA94-04C1-424b-9868-57A2D4851A1D" relativeResultsDirectory="686e4f0a-0565-42d8-bdbe-217095661d74" />
    <UnitTestResult executionId="30480987-c830-439c-bd92-3fbc639d5009" testId="7cc2eec3-86c5-2651-39fd-230dd04f452e" testName="ExxerCube.Prisma.Tests.Infrastructure.Export.Adaptive.AdaptiveExporterErrorPathTests.IsTemplateAvailableAsync_WhenRepositoryThrows_ReturnsError" computerName="DESKTOP-FB2ES22" duration="00:00:00.0036849" startTime="2026-06-21T02:28:48.7091221+00:00" endTime="2026-06-21T02:28:48.7128572+00:00" testType="13CDC9D9-DDB5-4fa4-A97D-D965CCFC6D4B" outcome="Passed" testListId="8C84FA94-04C1-424b-9868-57A2D4851A1D" relativeResultsDirectory="30480987-c830-439c-bd92-3fbc639d5009" />
    <UnitTestResult executionId="3c3c2d6b-0267-4cfe-99d5-cfa66573d104" testId="3953be90-07a4-cce6-ec52-6b6f81556973" testName="ExxerCube.Prisma.Tests.Infrastructure.Export.Adaptive.SchemaEvolutionDetectorMutationTests.CalculateSimilarity_StripsKnownSuffix_NormalizesToName(suffixed: &quot;nameProperty&quot;)" computerName="DESKTOP-FB2ES22" duration="00:00:00.0002740" startTime="2026-06-21T02:28:48.7127800+00:00" endTime="2026-06-21T02:28:48.7130946+00:00" testType="13CDC9D9-DDB5-4fa4-A97D-D965CCFC6D4B" outcome="Passed" testListId="8C84FA94-04C1-424b-9868-57A2D4851A1D" relativeResultsDirectory="3c3c2d6b-0267-4cfe-99d5-cfa66573d104" />
    <UnitTestResult executionId="aef17006-078c-4ae0-8e36-b61f184cdccb" testId="d9c6582b-5006-d537-2f0e-575c0323c90b" testName="ExxerCube.Prisma.Tests.Infrastructure.Export.Adaptive.SchemaEvolutionDetectorMutationTests.CalculateSimilarity_StripsKnownSuffix_NormalizesToName(suffixed: &quot;nameField&quot;)" computerName="DESKTOP-FB2ES22" duration="00:00:00.0003710" startTime="2026-06-21T02:28:48.7131922+00:00" endTime="2026-06-21T02:28:48.7136064+00:00" testType="13CDC9D9-DDB5-4fa4-A97D-D965CCFC6D4B" outcome="Passed" testListId="8C84FA94-04C1-424b-9868-57A2D4851A1D" relativeResultsDirectory="aef17006-078c-4ae0-8e36-b61f184cdccb" />
    <UnitTestResult executionId="59e30df9-3b61-4bcb-ae4f-f2fb55c78f72" testId="8563d300-3173-72e8-c1f1-80e25f844992" testName="ExxerCube.Prisma.Tests.Infrastructure.Export.Adaptive.SchemaEvolutionDetectorMutationTests.CalculateSimilarity_StripsKnownSuffix_NormalizesToName(suffixed: &quot;nameValue&quot;)" computerName="DESKTOP-FB2ES22" duration="00:00:00.0000600" startTime="2026-06-21T02:28:48.7137031+00:00" endTime="2026-06-21T02:28:48.7137935+00:00" testType="13CDC9D9-DDB5-4fa4-A97D-D965CCFC6D4B" outcome="Passed" testListId="8C84FA94-04C1-424b-9868-57A2D4851A1D" relativeResultsDirectory="59e30df9-3b61-4bcb-ae4f-f2fb55c78f72" />
    <UnitTestResult executionId="d0b690ec-139e-4cde-95f6-82a616bb1671" testId="1d20b9f8-7a7c-8bfb-795e-fa7509bdd195" testName="ExxerCube.Prisma.Tests.Infrastructure.Export.Adaptive.AdaptiveResponseExporterAdapterTests.ExportSiroXmlAsync_OnSuccess_WritesExactBytesAndDelegatesWithXmlType" computerName="DESKTOP-FB2ES22" duration="00:00:00.0037336" startTime="2026-06-21T02:28:48.7100584+00:00" endTime="2026-06-21T02:28:48.7138292+00:00" testType="13CDC9D9-DDB5-4fa4-A97D-D965CCFC6D4B" outcome="Passed" testListId="8C84FA94-04C1-424b-9868-57A2D4851A1D" relativeResultsDirectory="d0b690ec-139e-4cde-95f6-82a616bb1671" />
    <UnitTestResult executionId="ff6b5f13-1499-4971-af5d-ee1a05338484" testId="3e37b7c8-1da2-640a-c34d-89d0894307e5" testName="ExxerCube.Prisma.Tests.Infrastructure.Export.Adaptive.SchemaEvolutionDetectorMutationTests.DetectDriftForActiveTemplateAsync_WhenSourceNull_ReturnsExactError" computerName="DESKTOP-FB2ES22" duration="00:00:00.0012878" startTime="2026-06-21T02:28:48.7139319+00:00" endTime="2026-06-21T02:28:48.7152528+00:00" testType="13CDC9D9-DDB5-4fa4-A97D-D965CCFC6D4B" outcome="Passed" testListId="8C84FA94-04C1-424b-9868-57A2D4851A1D" relativeResultsDirectory="ff6b5f13-1499-4971-af5d-ee1a05338484" />
    <UnitTestResult executionId="978ea9d9-8ac2-427f-a06a-cd8347bff178" testId="17a6db26-106b-ff3f-97fe-8ef6f043026b" testName="ExxerCube.Prisma.Tests.Infrastructure.Export.Adaptive.SchemaEvolutionDetectorMutationTests.CalculateSimilarity_SubstringContainment_UsesShorterOverLongerRatio" computerName="DESKTOP-FB2ES22" duration="00:00:00.0002423" startTime="2026-06-21T02:28:48.7154252+00:00" endTime="2026-06-21T02:28:48.7157226+00:00" testType="13CDC9D9-DDB5-4fa4-A97D-D965CCFC6D4B" outcome="Passed" testListId="8C84FA94-04C1-424b-9868-57A2D4851A1D" relativeResultsDirectory="978ea9d9-8ac2-427f-a06a-cd8347bff178" />
    <UnitTestResult executionId="ce223bf5-3f62-43d4-81fc-f5b00f17a4d7" testId="886d425c-e514-c8aa-3fa7-ff7e1da96a27" testName="ExxerCube.Prisma.Tests.Infrastructure.Export.Adaptive.AdaptiveExporterErrorPathTests.PreviewMappingAsync_WhenMapperThrows_ReturnsPreviewError" computerName="DESKTOP-FB2ES22" duration="00:00:00.0025743" startTime="2026-06-21T02:28:48.7131981+00:00" endTime="2026-06-21T02:28:48.7158233+00:00" testType="13CDC9D9-DDB5-4fa4-A97D-D965CCFC6D4B" outcome="Passed" testListId="8C84FA94-04C1-424b-9868-57A2D4851A1D" relativeResultsDirectory="ce223bf5-3f62-43d4-81fc-f5b00f17a4d7" />
    <UnitTestResult executionId="de763a07-54f1-4022-b760-17bd180cf08a" testId="8d492282-93c5-23ea-f5f2-bd312da5a36b" testName="ExxerCube.Prisma.Tests.Infrastructure.Export.Adaptive.AdaptiveExporterErrorPathTests.ExportWithVersionAsync_WhenMapperThrows_ReturnsExportError" computerName="DESKTOP-FB2ES22" duration="00:00:00.0013418" startTime="2026-06-21T02:28:48.7159997+00:00" endTime="2026-06-21T02:28:48.7173799+00:00" testType="13CDC9D9-DDB5-4fa4-A97D-D965CCFC6D4B" outcome="Passed" testListId="8C84FA94-04C1-424b-9868-57A2D4851A1D" relativeResultsDirectory="de763a07-54f1-4022-b760-17bd180cf08a" />
    <UnitTestResult executionId="18100776-659b-4def-aae1-a69f575d3f8b" testId="66b9322a-61bc-2714-5f30-d8ea7add10b5" testName="ExxerCube.Prisma.Tests.Infrastructure.Export.Adaptive.SchemaEvolutionDetectorMutationTests.ValidateTemplateCompatibilityAsync_ListsAllMissingRequiredFields" computerName="DESKTOP-FB2ES22" duration="00:00:00.0024957" startTime="2026-06-21T02:28:48.7160607+00:00" endTime="2026-06-21T02:28:48.7186028+00:00" testType="13CDC9D9-DDB5-4fa4-A97D-D965CCFC6D4B" outcome="Passed" testListId="8C84FA94-04C1-424b-9868-57A2D4851A1D" relativeResultsDirectory="18100776-659b-4def-aae1-a69f575d3f8b" />
    <UnitTestResult executionId="06c41698-27ca-4f96-a210-7e1199d569d7" testId="b7b68aed-0d47-b2e4-c5da-f9e723fe21e7" testName="ExxerCube.Prisma.Tests.Infrastructure.Export.Adaptive.SchemaEvolutionDetectorMutationTests.DetectDriftAsync_WithNestedObject_EmitsDottedNestedPath" computerName="DESKTOP-FB2ES22" duration="00:00:00.0014405" startTime="2026-06-21T02:28:48.7187978+00:00" endTime="2026-06-21T02:28:48.7202748+00:00" testType="13CDC9D9-DDB5-4fa4-A97D-D965CCFC6D4B" outcome="Passed" testListId="8C84FA94-04C1-424b-9868-57A2D4851A1D" relativeResultsDirectory="06c41698-27ca-4f96-a210-7e1199d569d7" />
    <UnitTestResult executionId="68c5dd6b-e955-4e42-a4e0-5bdca99e0765" testId="5789585b-86bc-d36c-30ed-48c07e0f674a" testName="ExxerCube.Prisma.Tests.Infrastructure.Export.Adaptive.SchemaEvolutionDetectorMutationTests.CalculateSimilarity_LevenshteinAsymmetricLength_ReturnsExactScore" computerName="DESKTOP-FB2ES22" duration="00:00:00.0001856" startTime="2026-06-21T02:28:48.7204499+00:00" endTime="2026-06-21T02:28:48.7206682+00:00" testType="13CDC9D9-DDB5-4fa4-A97D-D965CCFC6D4B" outcome="Passed" testListId="8C84FA94-04C1-424b-9868-57A2D4851A1D" relativeResultsDirectory="68c5dd6b-e955-4e42-a4e0-5bdca99e0765" />
    <UnitTestResult executionId="aed54ce3-7525-465b-915a-5a0d6ffa6d06" testId="8847d3b2-2654-6109-9d87-404905b0783a" testName="ExxerCube.Prisma.Tests.Infrastructure.Export.Adaptive.SchemaEvolutionDetectorMutationTests.ValidateTemplateCompatibilityAsync_WhenSourceNull_PropagatesDetectError" computerName="DESKTOP-FB2ES22" duration="00:00:00.0006665" startTime="2026-06-21T02:28:48.7208246+00:00" endTime="2026-06-21T02:28:48.7215271+00:00" testType="13CDC9D9-DDB5-4fa4-A97D-D965CCFC6D4B" outcome="Passed" testListId="8C84FA94-04C1-424b-9868-57A2D4851A1D" relativeResultsDirectory="aed54ce3-7525-465b-915a-5a0d6ffa6d06" />
    <UnitTestResult executionId="2befd224-3941-4e3a-9431-d47187d2f1ec" testId="a240578b-9075-7d0d-fcf3-0181ef007370" testName="ExxerCube.Prisma.Tests.Infrastructure.Export.Adaptive.SchemaEvolutionDetectorMutationTests.DetectDriftAsync_EqualScoringRenameCandidates_KeepsFirstEncountered" computerName="DESKTOP-FB2ES22" duration="00:00:00.0015697" startTime="2026-06-21T02:28:48.7216863+00:00" endTime="2026-06-21T02:28:48.7232853+00:00" testType="13CDC9D9-DDB5-4fa4-A97D-D965CCFC6D4B" outcome="Passed" testListId="8C84FA94-04C1-424b-9868-57A2D4851A1D" relativeResultsDirectory="2befd224-3941-4e3a-9431-d47187d2f1ec" />
    <UnitTestResult executionId="2750e0b1-e250-40cc-a0d3-9d6c2ff5e289" testId="cfe50111-1999-891d-c214-05dace6a2355" testName="ExxerCube.Prisma.Tests.Infrastructure.Export.Adaptive.SchemaEvolutionDetectorMutationTests.CalculateSimilarity_LevenshteinSingleEdit_ReturnsExactScore" computerName="DESKTOP-FB2ES22" duration="00:00:00.0001783" startTime="2026-06-21T02:28:48.7234497+00:00" endTime="2026-06-21T02:28:48.7236721+00:00" testType="13CDC9D9-DDB5-4fa4-A97D-D965CCFC6D4B" outcome="Passed" testListId="8C84FA94-04C1-424b-9868-57A2D4851A1D" relativeResultsDirectory="2750e0b1-e250-40cc-a0d3-9d6c2ff5e289" />
    <UnitTestResult executionId="a04bdfda-3330-4aed-8744-c442e3c13ebc" testId="000ca986-23c1-659b-d068-e7fcadf61475" testName="ExxerCube.Prisma.Tests.Infrastructure.Export.Adaptive.SchemaEvolutionDetectorMutationTests.DetectDriftAsync_WeakSimilarityCandidate_IsNotReportedAsRename" computerName="DESKTOP-FB2ES22" duration="00:00:00.0011059" startTime="2026-06-21T02:28:48.7238412+00:00" endTime="2026-06-21T02:28:48.7249817+00:00" testType="13CDC9D9-DDB5-4fa4-A97D-D965CCFC6D4B" outcome="Passed" testListId="8C84FA94-04C1-424b-9868-57A2D4851A1D" relativeResultsDirectory="a04bdfda-3330-4aed-8744-c442e3c13ebc" />
    <UnitTestResult executionId="3e3fe8aa-c44a-4e0b-89f3-052f9fe33cda" testId="d74c904c-2a4c-73ed-c3c8-cbf472a78703" testName="ExxerCube.Prisma.Tests.Infrastructure.Export.Adaptive.SchemaEvolutionDetectorContractTests.CalculateSimilarity_WithCompletelyDifferentStrings_ReturnsLowScore" computerName="DESKTOP-FB2ES22" duration="00:00:00.8024881" startTime="2026-06-21T02:28:48.2959452+00:00" endTime="2026-06-21T02:28:49.1026271+00:00" testType="13CDC9D9-DDB5-4fa4-A97D-D965CCFC6D4B" outcome="Passed" testListId="8C84FA94-04C1-424b-9868-57A2D4851A1D" relativeResultsDirectory="3e3fe8aa-c44a-4e0b-89f3-052f9fe33cda" />
    <UnitTestResult executionId="faaf6952-d0be-4f93-8f54-8cfd6a6ef01b" testId="d0e5e052-d6e6-72b5-421c-2d0b5d55b94e" testName="ExxerCube.Prisma.Tests.Infrastructure.Export.Adaptive.SchemaEvolutionDetectorContractTests.DetectDriftAsync_WithNestedObjects_DetectsNestedFields" computerName="DESKTOP-FB2ES22" duration="00:00:00.0439805" startTime="2026-06-21T02:28:49.1031683+00:00" endTime="2026-06-21T02:28:49.1472176+00:00" testType="13CDC9D9-DDB5-4fa4-A97D-D965CCFC6D4B" outcome="Passed" testListId="8C84FA94-04C1-424b-9868-57A2D4851A1D" relativeResultsDirectory="faaf6952-d0be-4f93-8f54-8cfd6a6ef01b">
      <Output>
        <StdOut>Schema drift detection complete for template 7550e93b-08cd-4f03-b6f1-15acaf33fae7: Schema drift detected: 3 new field(s)
</StdOut>
      </Output>
    </UnitTestResult>
    <UnitTestResult executionId="9f0c9e4a-022a-48c0-9fac-cf7a13c40a66" testId="3f670d57-b7d4-2439-4d1e-e88debe02fed" testName="ExxerCube.Prisma.Tests.Infrastructure.Export.Adaptive.SchemaEvolutionDetectorContractTests.SuggestFieldMappingsAsync_WhenCancellationRequested_ReturnsCancelled" computerName="DESKTOP-FB2ES22" duration="00:00:00.0056853" startTime="2026-06-21T02:28:49.1476328+00:00" endTime="2026-06-21T02:28:49.1533791+00:00" testType="13CDC9D9-DDB5-4fa4-A97D-D965CCFC6D4B" outcome="Passed" testListId="8C84FA94-04C1-424b-9868-57A2D4851A1D" relativeResultsDirectory="9f0c9e4a-022a-48c0-9fac-cf7a13c40a66" />
    <UnitTestResult executionId="c2abac03-aed8-4578-bb3a-25da164ee505" testId="d89c9ad9-07cf-7940-ba7c-08c4382468cb" testName="ExxerCube.Prisma.Tests.Infrastructure.Export.Adaptive.SchemaEvolutionDetectorContractTests.DetectDriftAsync_WhenCancellationRequested_ReturnsCancelled" computerName="DESKTOP-FB2ES22" duration="00:00:00.0011670" startTime="2026-06-21T02:28:49.1536162+00:00" endTime="2026-06-21T02:28:49.1548728+00:00" testType="13CDC9D9-DDB5-4fa4-A97D-D965CCFC6D4B" outcome="Passed" testListId="8C84FA94-04C1-424b-9868-57A2D4851A1D" relativeResultsDirectory="c2abac03-aed8-4578-bb3a-25da164ee505" />
    <UnitTestResult executionId="37628e1d-cd9d-4b1d-a235-4742b1daf3c9" testId="45852bb6-d5cd-fc2d-cdbc-f0efca80e4f9" testName="ExxerCube.Prisma.Tests.Infrastructure.Export.Adaptive.TemplateRepositoryContractTests.GetLatestTemplateAsync_WhenNoActiveTemplates_ReturnsNull" computerName="DESKTOP-FB2ES22" duration="00:00:01.1748160" startTime="2026-06-21T02:28:48.2959652+00:00" endTime="2026-06-21T02:28:49.4749396+00:00" testType="13CDC9D9-DDB5-4fa4-A97D-D965CCFC6D4B" outcome="Passed" testListId="8C84FA94-04C1-424b-9868-57A2D4851A1D" relativeResultsDirectory="37628e1d-cd9d-4b1d-a235-4742b1daf3c9">
      <Output>
        <StdOut>Saving template: PDF v1.0.0
Successfully saved template: PDF v1.0.0
Getting latest active template for: PDF
</StdOut>
      </Output>
    </UnitTestResult>
    <UnitTestResult executionId="ebaccf01-37fa-4c08-b6b5-125c0dbad6fd" testId="9b6c7b19-03db-c1cb-b93c-49829dc6b08f" testName="ExxerCube.Prisma.Tests.Infrastructure.Export.Adaptive.AdaptiveExporterMutationTests.PreviewMappingAsync_WhenRequiredFieldMissing_PropagatesMapError" computerName="DESKTOP-FB2ES22" duration="00:00:01.1801734" startTime="2026-06-21T02:28:48.2959331+00:00" endTime="2026-06-21T02:28:49.4802542+00:00" testType="13CDC9D9-DDB5-4fa4-A97D-D965CCFC6D4B" outcome="Passed" testListId="8C84FA94-04C1-424b-9868-57A2D4851A1D" relativeResultsDirectory="ebaccf01-37fa-4c08-b6b5-125c0dbad6fd" />
    <UnitTestResult executionId="fc13da4f-5d88-4f99-9f17-199cbfccf44e" testId="5ef298d9-282f-68d9-699e-0d3a866c7c82" testName="ExxerCube.Prisma.Tests.Infrastructure.Export.Adaptive.SchemaEvolutionDetectorContractTests.DetectDriftForActiveTemplateAsync_WithActiveTemplate_ReturnsSuccess" computerName="DESKTOP-FB2ES22" duration="00:00:00.3251827" startTime="2026-06-21T02:28:49.1550838+00:00" endTime="2026-06-21T02:28:49.4803060+00:00" testType="13CDC9D9-DDB5-4fa4-A97D-D965CCFC6D4B" outcome="Passed" testListId="8C84FA94-04C1-424b-9868-57A2D4851A1D" relativeResultsDirectory="fc13da4f-5d88-4f99-9f17-199cbfccf44e">
      <Output>
        <StdOut>Saving template: Excel v1.0.0
Successfully saved template: Excel v1.0.0
Getting latest active template for: Excel
Schema drift detection complete for template 08acfa0e-8a3c-4933-9f51-bb99de2dcbd4: No schema drift detected.
</StdOut>
      </Output>
    </UnitTestResult>
    <UnitTestResult executionId="b4afe79b-3e94-4a6f-88bc-84761a9f6fa3" testId="b2cc05d3-f3e8-551e-974f-8a38d810f84d" testName="ExxerCube.Prisma.Tests.Infrastructure.Export.Adaptive.AdaptiveExporterContractTests.ValidateExportAsync_WhenValidSource_ReturnsSuccess" computerName="DESKTOP-FB2ES22" duration="00:00:01.1803430" startTime="2026-06-21T02:28:48.2959752+00:00" endTime="2026-06-21T02:28:49.4804151+00:00" testType="13CDC9D9-DDB5-4fa4-A97D-D965CCFC6D4B" outcome="Passed" testListId="8C84FA94-04C1-424b-9868-57A2D4851A1D" relativeResultsDirectory="b4afe79b-3e94-4a6f-88bc-84761a9f6fa3">
      <Output>
        <StdOut>Saving template: Excel v1.0.0
Successfully saved template: Excel v1.0.0
Getting latest active template for: Excel
</StdOut>
      </Output>
    </UnitTestResult>
    <UnitTestResult executionId="20816c30-6f54-4a36-98f0-a6e10475f7d5" testId="812ca4bb-3d28-6dfa-df5c-664d2367889e" testName="ExxerCube.Prisma.Tests.Infrastructure.Export.Adaptive.SchemaEvolutionDetectorContractTests.DetectDriftAsync_WithNoDrift_ReturnsSuccessWithNoDrift" computerName="DESKTOP-FB2ES22" duration="00:00:00.0016098" startTime="2026-06-21T02:28:49.4805075+00:00" endTime="2026-06-21T02:28:49.4821525+00:00" testType="13CDC9D9-DDB5-4fa4-A97D-D965CCFC6D4B" outcome="Passed" testListId="8C84FA94-04C1-424b-9868-57A2D4851A1D" relativeResultsDirectory="20816c30-6f54-4a36-98f0-a6e10475f7d5">
      <Output>
        <StdOut>Schema drift detection complete for template b12b96f3-478a-48f5-8a6c-48917c206345: No schema drift detected.
</StdOut>
      </Output>
    </UnitTestResult>
    <UnitTestResult executionId="dc039a76-e317-49e7-9698-1695b79419d0" testId="27e69bcb-5943-e929-3c3e-ff2c1d425f30" testName="ExxerCube.Prisma.Tests.Infrastructure.Export.Adaptive.AdaptiveExporterContractTests.ExportAsync_WhenTemplateNotFound_ReturnsFailure" computerName="DESKTOP-FB2ES22" duration="00:00:00.0027548" startTime="2026-06-21T02:28:49.4805671+00:00" endTime="2026-06-21T02:28:49.4833546+00:00" testType="13CDC9D9-DDB5-4fa4-A97D-D965CCFC6D4B" outcome="Passed" testListId="8C84FA94-04C1-424b-9868-57A2D4851A1D" relativeResultsDirectory="dc039a76-e317-49e7-9698-1695b79419d0">
      <Output>
        <StdOut>Getting latest active template for: InvalidType
</StdOut>
      </Output>
    </UnitTestResult>
    <UnitTestResult executionId="4b50ff76-9ff6-44ca-9a2c-9c41ed1f7bd7" testId="13e20eb1-c7f9-f667-3361-d8ea9c488b17" testName="ExxerCube.Prisma.Tests.Infrastructure.Export.Adaptive.AdaptiveExporterMutationTests.IsTemplateAvailableAsync_WhenTemplateTypeEmpty_ReturnsFalse" computerName="DESKTOP-FB2ES22" duration="00:00:00.0027312" startTime="2026-06-21T02:28:49.4805879+00:00" endTime="2026-06-21T02:28:49.4833656+00:00" testType="13CDC9D9-DDB5-4fa4-A97D-D965CCFC6D4B" outcome="Passed" testListId="8C84FA94-04C1-424b-9868-57A2D4851A1D" relativeResultsDirectory="4b50ff76-9ff6-44ca-9a2c-9c41ed1f7bd7" />
    <UnitTestResult executionId="50b88619-7f9e-4a26-aedd-85727fbe1e6c" testId="70f8fd56-5163-e490-e377-54ea95805a66" testName="ExxerCube.Prisma.Tests.Infrastructure.Export.Adaptive.SchemaEvolutionDetectorContractTests.DetectDriftForActiveTemplateAsync_WhenCancellationRequested_ReturnsCancelled" computerName="DESKTOP-FB2ES22" duration="00:00:00.0016325" startTime="2026-06-21T02:28:49.4823893+00:00" endTime="2026-06-21T02:28:49.4840635+00:00" testType="13CDC9D9-DDB5-4fa4-A97D-D965CCFC6D4B" outcome="Passed" testListId="8C84FA94-04C1-424b-9868-57A2D4851A1D" relativeResultsDirectory="50b88619-7f9e-4a26-aedd-85727fbe1e6c" />
    <UnitTestResult executionId="ad28ac23-aa87-45bb-be3b-fd5df41c734b" testId="88bf2be8-1235-8262-a5a4-c16305da1b4a" testName="ExxerCube.Prisma.Tests.Infrastructure.Export.Adaptive.AdaptiveExporterMutationTests.PreviewMappingAsync_WhenTemplateTypeEmpty_ReturnsExactError" computerName="DESKTOP-FB2ES22" duration="00:00:00.0013119" startTime="2026-06-21T02:28:49.4835279+00:00" endTime="2026-06-21T02:28:49.4848700+00:00" testType="13CDC9D9-DDB5-4fa4-A97D-D965CCFC6D4B" outcome="Passed" testListId="8C84FA94-04C1-424b-9868-57A2D4851A1D" relativeResultsDirectory="ad28ac23-aa87-45bb-be3b-fd5df41c734b" />
    <UnitTestResult executionId="dab66c1f-332d-4801-9d7c-ec64f03dfcde" testId="7ba67cfb-6b11-f7b3-9f18-0ab127a2a82d" testName="ExxerCube.Prisma.Tests.Infrastructure.Export.Adaptive.AdaptiveExporterContractTests.GetActiveTemplateAsync_WhenTemplateExists_ReturnsTemplate" computerName="DESKTOP-FB2ES22" duration="00:00:00.0021732" startTime="2026-06-21T02:28:49.4835254+00:00" endTime="2026-06-21T02:28:49.4857280+00:00" testType="13CDC9D9-DDB5-4fa4-A97D-D965CCFC6D4B" outcome="Passed" testListId="8C84FA94-04C1-424b-9868-57A2D4851A1D" relativeResultsDirectory="dab66c1f-332d-4801-9d7c-ec64f03dfcde">
      <Output>
        <StdOut>Saving template: Excel v1.0.0
Successfully saved template: Excel v1.0.0
Getting latest active template for: Excel
</StdOut>
      </Output>
    </UnitTestResult>
    <UnitTestResult executionId="086d1b63-0931-4824-81f8-72063ebf48fb" testId="99717468-24a0-1625-68d5-c6ff01aafebc" testName="ExxerCube.Prisma.Tests.Infrastructure.Export.Adaptive.SchemaEvolutionDetectorContractTests.DetectDriftForActiveTemplateAsync_WithNoActiveTemplate_ReturnsFailure" computerName="DESKTOP-FB2ES22" duration="00:00:00.0013935" startTime="2026-06-21T02:28:49.4843492+00:00" endTime="2026-06-21T02:28:49.4857889+00:00" testType="13CDC9D9-DDB5-4fa4-A97D-D965CCFC6D4B" outcome="Passed" testListId="8C84FA94-04C1-424b-9868-57A2D4851A1D" relativeResultsDirectory="086d1b63-0931-4824-81f8-72063ebf48fb">
      <Output>
        <StdOut>Getting latest active template for: InvalidType
</StdOut>
      </Output>
    </UnitTestResult>
    <UnitTestResult executionId="87a4aed2-4c73-423b-a0d8-a09282b2089b" testId="0afa2736-c2a0-df66-49fc-8543bdb6468c" testName="ExxerCube.Prisma.Tests.Infrastructure.Export.Adaptive.AdaptiveExporterMutationTests.ExportAsync_WhenTemplateTypeEmpty_ReturnsExactError" computerName="DESKTOP-FB2ES22" duration="00:00:00.0008167" startTime="2026-06-21T02:28:49.4850383+00:00" endTime="2026-06-21T02:28:49.4858907+00:00" testType="13CDC9D9-DDB5-4fa4-A97D-D965CCFC6D4B" outcome="Passed" testListId="8C84FA94-04C1-424b-9868-57A2D4851A1D" relativeResultsDirectory="87a4aed2-4c73-423b-a0d8-a09282b2089b" />
    <UnitTestResult executionId="0e88304a-ecee-4404-a7ce-ab2e0d7fcdfe" testId="4782e981-bea9-c411-d341-bdfd90ea2cba" testName="ExxerCube.Prisma.Tests.Infrastructure.Export.Adaptive.SchemaEvolutionDetectorContractTests.ValidateTemplateCompatibilityAsync_WithCompatibleTemplate_ReturnsSuccess" computerName="DESKTOP-FB2ES22" duration="00:00:00.0010460" startTime="2026-06-21T02:28:49.4859624+00:00" endTime="2026-06-21T02:28:49.4870394+00:00" testType="13CDC9D9-DDB5-4fa4-A97D-D965CCFC6D4B" outcome="Passed" testListId="8C84FA94-04C1-424b-9868-57A2D4851A1D" relativeResultsDirectory="0e88304a-ecee-4404-a7ce-ab2e0d7fcdfe">
      <Output>
        <StdOut>Schema drift detection complete for template 4b233173-cdf0-4cd7-b6d9-e8dcd6514385: No schema drift detected.
</StdOut>
      </Output>
    </UnitTestResult>
    <UnitTestResult executionId="e8b5b6a5-f83b-4e1e-98c9-526c34d6358d" testId="ecc1eeb1-42d3-51aa-5f1c-b04883658130" testName="ExxerCube.Prisma.Tests.Infrastructure.Export.Adaptive.AdaptiveExporterContractTests.GetActiveTemplateAsync_WhenTemplateNotFound_ReturnsFailure" computerName="DESKTOP-FB2ES22" duration="00:00:00.0017302" startTime="2026-06-21T02:28:49.4859164+00:00" endTime="2026-06-21T02:28:49.4876826+00:00" testType="13CDC9D9-DDB5-4fa4-A97D-D965CCFC6D4B" outcome="Passed" testListId="8C84FA94-04C1-424b-9868-57A2D4851A1D" relativeResultsDirectory="e8b5b6a5-f83b-4e1e-98c9-526c34d6358d">
      <Output>
        <StdOut>Getting latest active template for: InvalidType
</StdOut>
      </Output>
    </UnitTestResult>
[...]
    <TestEntry testId="7cc2eec3-86c5-2651-39fd-230dd04f452e" executionId="30480987-c830-439c-bd92-3fbc639d5009" testListId="8C84FA94-04C1-424b-9868-57A2D4851A1D" />
    <TestEntry testId="3953be90-07a4-cce6-ec52-6b6f81556973" executionId="3c3c2d6b-0267-4cfe-99d5-cfa66573d104" testListId="8C84FA94-04C1-424b-9868-57A2D4851A1D" />
    <TestEntry testId="d9c6582b-5006-d537-2f0e-575c0323c90b" executionId="aef17006-078c-4ae0-8e36-b61f184cdccb" testListId="8C84FA94-04C1-424b-9868-57A2D4851A1D" />
    <TestEntry testId="8563d300-3173-72e8-c1f1-80e25f844992" executionId="59e30df9-3b61-4bcb-ae4f-f2fb55c78f72" testListId="8C84FA94-04C1-424b-9868-57A2D4851A1D" />
    <TestEntry testId="1d20b9f8-7a7c-8bfb-795e-fa7509bdd195" executionId="d0b690ec-139e-4cde-95f6-82a616bb1671" testListId="8C84FA94-04C1-424b-9868-57A2D4851A1D" />
    <TestEntry testId="3e37b7c8-1da2-640a-c34d-89d0894307e5" executionId="ff6b5f13-1499-4971-af5d-ee1a05338484" testListId="8C84FA94-04C1-424b-9868-57A2D4851A1D" />
    <TestEntry testId="17a6db26-106b-ff3f-97fe-8ef6f043026b" executionId="978ea9d9-8ac2-427f-a06a-cd8347bff178" testListId="8C84FA94-04C1-424b-9868-57A2D4851A1D" />
    <TestEntry testId="886d425c-e514-c8aa-3fa7-ff7e1da96a27" executionId="ce223bf5-3f62-43d4-81fc-f5b00f17a4d7" testListId="8C84FA94-04C1-424b-9868-57A2D4851A1D" />
    <TestEntry testId="8d492282-93c5-23ea-f5f2-bd312da5a36b" executionId="de763a07-54f1-4022-b760-17bd180cf08a" testListId="8C84FA94-04C1-424b-9868-57A2D4851A1D" />
    <TestEntry testId="66b9322a-61bc-2714-5f30-d8ea7add10b5" executionId="18100776-659b-4def-aae1-a69f575d3f8b" testListId="8C84FA94-04C1-424b-9868-57A2D4851A1D" />
    <TestEntry testId="b7b68aed-0d47-b2e4-c5da-f9e723fe21e7" executionId="06c41698-27ca-4f96-a210-7e1199d569d7" testListId="8C84FA94-04C1-424b-9868-57A2D4851A1D" />
    <TestEntry testId="5789585b-86bc-d36c-30ed-48c07e0f674a" executionId="68c5dd6b-e955-4e42-a4e0-5bdca99e0765" testListId="8C84FA94-04C1-424b-9868-57A2D4851A1D" />
    <TestEntry testId="8847d3b2-2654-6109-9d87-404905b0783a" executionId="aed54ce3-7525-465b-915a-5a0d6ffa6d06" testListId="8C84FA94-04C1-424b-9868-57A2D4851A1D" />
    <TestEntry testId="a240578b-9075-7d0d-fcf3-0181ef007370" executionId="2befd224-3941-4e3a-9431-d47187d2f1ec" testListId="8C84FA94-04C1-424b-9868-57A2D4851A1D" />
    <TestEntry testId="cfe50111-1999-891d-c214-05dace6a2355" executionId="2750e0b1-e250-40cc-a0d3-9d6c2ff5e289" testListId="8C84FA94-04C1-424b-9868-57A2D4851A1D" />
    <TestEntry testId="000ca986-23c1-659b-d068-e7fcadf61475" executionId="a04bdfda-3330-4aed-8744-c442e3c13ebc" testListId="8C84FA94-04C1-424b-9868-57A2D4851A1D" />
    <TestEntry testId="d74c904c-2a4c-73ed-c3c8-cbf472a78703" executionId="3e3fe8aa-c44a-4e0b-89f3-052f9fe33cda" testListId="8C84FA94-04C1-424b-9868-57A2D4851A1D" />
    <TestEntry testId="d0e5e052-d6e6-72b5-421c-2d0b5d55b94e" executionId="faaf6952-d0be-4f93-8f54-8cfd6a6ef01b" testListId="8C84FA94-04C1-424b-9868-57A2D4851A1D" />
    <TestEntry testId="3f670d57-b7d4-2439-4d1e-e88debe02fed" executionId="9f0c9e4a-022a-48c0-9fac-cf7a13c40a66" testListId="8C84FA94-04C1-424b-9868-57A2D4851A1D" />
    <TestEntry testId="d89c9ad9-07cf-7940-ba7c-08c4382468cb" executionId="c2abac03-aed8-4578-bb3a-25da164ee505" testListId="8C84FA94-04C1-424b-9868-57A2D4851A1D" />
    <TestEntry testId="45852bb6-d5cd-fc2d-cdbc-f0efca80e4f9" executionId="37628e1d-cd9d-4b1d-a235-4742b1daf3c9" testListId="8C84FA94-04C1-424b-9868-57A2D4851A1D" />
    <TestEntry testId="9b6c7b19-03db-c1cb-b93c-49829dc6b08f" executionId="ebaccf01-37fa-4c08-b6b5-125c0dbad6fd" testListId="8C84FA94-04C1-424b-9868-57A2D4851A1D" />
    <TestEntry testId="5ef298d9-282f-68d9-699e-0d3a866c7c82" executionId="fc13da4f-5d88-4f99-9f17-199cbfccf44e" testListId="8C84FA94-04C1-424b-9868-57A2D4851A1D" />
    <TestEntry testId="b2cc05d3-f3e8-551e-974f-8a38d810f84d" executionId="b4afe79b-3e94-4a6f-88bc-84761a9f6fa3" testListId="8C84FA94-04C1-424b-9868-57A2D4851A1D" />
    <TestEntry testId="812ca4bb-3d28-6dfa-df5c-664d2367889e" executionId="20816c30-6f54-4a36-98f0-a6e10475f7d5" testListId="8C84FA94-04C1-424b-9868-57A2D4851A1D" />
    <TestEntry testId="27e69bcb-5943-e929-3c3e-ff2c1d425f30" executionId="dc039a76-e317-49e7-9698-1695b79419d0" testListId="8C84FA94-04C1-424b-9868-57A2D4851A1D" />
    <TestEntry testId="13e20eb1-c7f9-f667-3361-d8ea9c488b17" executionId="4b50ff76-9ff6-44ca-9a2c-9c41ed1f7bd7" testListId="8C84FA94-04C1-424b-9868-57A2D4851A1D" />
    <TestEntry testId="70f8fd56-5163-e490-e377-54ea95805a66" executionId="50b88619-7f9e-4a26-aedd-85727fbe1e6c" testListId="8C84FA94-04C1-424b-9868-57A2D4851A1D" />
    <TestEntry testId="88bf2be8-1235-8262-a5a4-c16305da1b4a" executionId="ad28ac23-aa87-45bb-be3b-fd5df41c734b" testListId="8C84FA94-04C1-424b-9868-57A2D4851A1D" />
    <TestEntry testId="7ba67cfb-6b11-f7b3-9f18-0ab127a2a82d" executionId="dab66c1f-332d-4801-9d7c-ec64f03dfcde" testListId="8C84FA94-04C1-424b-9868-57A2D4851A1D" />
    <TestEntry testId="99717468-24a0-1625-68d5-c6ff01aafebc" executionId="086d1b63-0931-4824-81f8-72063ebf48fb" testListId="8C84FA94-04C1-424b-9868-57A2D4851A1D" />
    <TestEntry testId="0afa2736-c2a0-df66-49fc-8543bdb6468c" executionId="87a4aed2-4c73-423b-a0d8-a09282b2089b" testListId="8C84FA94-04C1-424b-9868-57A2D4851A1D" />
    <TestEntry testId="4782e981-bea9-c411-d341-bdfd90ea2cba" executionId="0e88304a-ecee-4404-a7ce-ab2e0d7fcdfe" testListId="8C84FA94-04C1-424b-9868-57A2D4851A1D" />
    <TestEntry testId="ecc1eeb1-42d3-51aa-5f1c-b04883658130" executionId="e8b5b6a5-f83b-4e1e-98c9-526c34d6358d" testListId="8C84FA94-04C1-424b-9868-57A2D4851A1D" />
    <TestEntry testId="f03326b0-0414-51cc-c17b-e265a07c66eb" executionId="d47d3fea-24f4-413b-8941-e3e916c5b42a" testListId="8C84FA94-04C1-424b-9868-57A2D4851A1D" />
    <TestEntry testId="8cd81828-1e81-a07f-18b6-4b18a918bbd4" executionId="af9eda6d-1a22-4721-b7ba-7e79b0c4c136" testListId="8C84FA94-04C1-424b-9868-57A2D4851A1D" />
    <TestEntry testId="c86d18ef-78cc-6fd3-2a98-f8cea0510b5c" executionId="16e8f8a0-ea8a-48f0-a686-1d5fa79f1c46" testListId="8C84FA94-04C1-424b-9868-57A2D4851A1D" />
    <TestEntry testId="c17070f0-9df8-2ae7-f60a-c167beb021ea" executionId="d831b04f-26df-4406-b49c-899409e3ce8b" testListId="8C84FA94-04C1-424b-9868-57A2D4851A1D" />
    <TestEntry testId="87effb27-f332-0707-623b-99e7a1294d5b" executionId="e454ff27-2094-4082-b1a0-efe5b8ad6ce8" testListId="8C84FA94-04C1-424b-9868-57A2D4851A1D" />
    <TestEntry testId="c7703652-30b9-d6bf-8d54-ec6fc74c429f" executionId="a01d5fe7-e806-42ea-8c0e-a275806198cb" testListId="8C84FA94-04C1-424b-9868-57A2D4851A1D" />
    <TestEntry testId="a705c53c-dbba-4384-3bea-894f0d64e59d" executionId="e5e956cd-7621-4ec0-9ac0-377f773e166b" testListId="8C84FA94-04C1-424b-9868-57A2D4851A1D" />
    <TestEntry testId="87b5ed4c-5ab2-0422-342e-2c5dce3d398f" executionId="a5ca7416-8d6e-481f-aa5c-99f551e4964e" testListId="8C84FA94-04C1-424b-9868-57A2D4851A1D" />
    <TestEntry testId="0da05d87-dae9-268d-ecca-d0a31692e093" executionId="067b1daa-438c-47d0-a6d9-beb3736d226f" testListId="8C84FA94-04C1-424b-9868-57A2D4851A1D" />
    <TestEntry testId="6807b459-d5e8-d8c5-3484-15d08724e933" executionId="f23402db-4a06-4769-962d-4a810a2b18e2" testListId="8C84FA94-04C1-424b-9868-57A2D4851A1D" />
    <TestEntry testId="b008019a-1247-162e-893d-716c4a37b78d" executionId="4e958b28-29b3-4a7e-b6db-672e796ceb31" testListId="8C84FA94-04C1-424b-9868-57A2D4851A1D" />
    <TestEntry testId="18f3334c-94b8-1ff8-4680-c1e9019287b3" executionId="f55ca193-d29a-4e76-af41-b3255c1df1b2" testListId="8C84FA94-04C1-424b-9868-57A2D4851A1D" />
    <TestEntry testId="b8837bf4-15ae-e9ac-e448-6c16bd5f4a85" executionId="0c0a0910-bee3-4af1-94f9-c824f2a70284" testListId="8C84FA94-04C1-424b-9868-57A2D4851A1D" />
    <TestEntry testId="0e6be276-eb2a-d7c3-cb09-7b5bba56b9d8" executionId="5078d174-b55c-4c77-877c-fd6e305d82a4" testListId="8C84FA94-04C1-424b-9868-57A2D4851A1D" />
    <TestEntry testId="d6ea7aee-ae87-9923-b097-5617a318cafb" executionId="8017fbf4-cd25-414b-91ea-dd27eb94e4ee" testListId="8C84FA94-04C1-424b-9868-57A2D4851A1D" />
    <TestEntry testId="f8882b68-33e2-37d9-bef1-707c2a4a5979" executionId="f556fbe3-b96c-46e8-b371-c8c8066ba3ab" testListId="8C84FA94-04C1-424b-9868-57A2D4851A1D" />
    <TestEntry testId="b6691ece-6c40-c122-f49a-b1659192df3c" executionId="e7c764c4-df1c-4eb1-9566-088dc3987d34" testListId="8C84FA94-04C1-424b-9868-57A2D4851A1D" />
    <TestEntry testId="ec1f22d8-1ec9-b808-a66a-5d821ea69138" executionId="b19d5815-4178-4cfe-a4d6-50aa8d3a81f9" testListId="8C84FA94-04C1-424b-9868-57A2D4851A1D" />
    <TestEntry testId="211957ef-7588-cc5e-43d3-aad387e9cbb6" executionId="d9e4c0ad-7199-4ddc-aa6d-c989362d2db1" testListId="8C84FA94-04C1-424b-9868-57A2D4851A1D" />
    <TestEntry testId="3ccde8fc-3d09-b743-d3ff-f1f35741858d" executionId="6eaf7de2-79f4-4dc3-86a4-0ccb443a22ba" testListId="8C84FA94-04C1-424b-9868-57A2D4851A1D" />
    <TestEntry testId="43e887d5-fb77-8875-d396-182eb7293757" executionId="10d67b6e-0763-49fe-a381-fddf227fb020" testListId="8C84FA94-04C1-424b-9868-57A2D4851A1D" />
    <TestEntry testId="390a5dbd-e647-f454-0841-0dd28856efe8" executionId="f3318334-062a-4e64-b7df-df0550555be3" testListId="8C84FA94-04C1-424b-9868-57A2D4851A1D" />
    <TestEntry testId="9356b97b-fb0d-f14b-7f70-37dc533ed06e" executionId="acbf44b3-1674-4ced-8512-4cd41075bda9" testListId="8C84FA94-04C1-424b-9868-57A2D4851A1D" />
    <TestEntry testId="dc980fb9-ddb1-c159-5f92-fda8ae0c3c09" executionId="48a909b0-8af4-4cbb-b8f7-0937274c64a2" testListId="8C84FA94-04C1-424b-9868-57A2D4851A1D" />
    <TestEntry testId="a60663e6-7a43-0ca1-5ed9-e8a67acdcfc9" executionId="e2296562-d025-4859-bff0-9d76e478e629" testListId="8C84FA94-04C1-424b-9868-57A2D4851A1D" />
    <TestEntry testId="9d34bb6c-8a9e-00e9-6e72-2cd273ce88fb" executionId="ed452a20-154a-4195-a230-e5c048957895" testListId="8C84FA94-04C1-424b-9868-57A2D4851A1D" />
    <TestEntry testId="4de3bb3e-8d51-0cfe-7b7e-ec27662b08db" executionId="0fa05af1-2345-4e35-bece-78cbcc47b557" testListId="8C84FA94-04C1-424b-9868-57A2D4851A1D" />
    <TestEntry testId="0e3f9dbb-a24e-335c-7d66-d42b5cecb0fa" executionId="4156adb9-d2e7-48ed-805c-dad0ee7b1f71" testListId="8C84FA94-04C1-424b-9868-57A2D4851A1D" />
    <TestEntry testId="cf51f41d-bf6a-b4c2-bbe5-a775d97a264d" executionId="4183d481-d6b3-4a6e-8316-51dc56429727" testListId="8C84FA94-04C1-424b-9868-57A2D4851A1D" />
    <TestEntry testId="c7b702e8-dd20-b912-5063-28f6e5294da0" executionId="43bea27d-728c-4bff-b6f9-5be71d3ff244" testListId="8C84FA94-04C1-424b-9868-57A2D4851A1D" />
    <TestEntry testId="7b64bd68-e72f-cd1d-cb6f-1ae5ac17cadc" executionId="e1026134-578f-48f6-844c-62b1e494900c" testListId="8C84FA94-04C1-424b-9868-57A2D4851A1D" />
    <TestEntry testId="31f4b03f-bafc-0d01-4298-a5146f620d39" executionId="476b68a9-9e27-47ec-a4b2-ac9132ed75a4" testListId="8C84FA94-04C1-424b-9868-57A2D4851A1D" />
    <TestEntry testId="871c82c6-c10e-d435-1462-ccfd6c7f8672" executionId="586bf7a7-21c4-420b-a736-130906beb218" testListId="8C84FA94-04C1-424b-9868-57A2D4851A1D" />
    <TestEntry testId="7a9911ed-bad2-3aaa-b4a9-2fe69f9f3858" executionId="464aefdd-203c-4b42-8b85-c511e0d13e7c" testListId="8C84FA94-04C1-424b-9868-57A2D4851A1D" />
    <TestEntry testId="50b28cc6-b0e1-9dd3-dea3-0f450f52b931" executionId="5fdd373d-f847-4e72-9ea5-eb3e394aec94" testListId="8C84FA94-04C1-424b-9868-57A2D4851A1D" />
    <TestEntry testId="7f51e5e4-7fa2-ddd2-b0b5-cbd6b28786f0" executionId="f134bc50-c5c1-4574-b3dc-995b6bd68cdb" testListId="8C84FA94-04C1-424b-9868-57A2D4851A1D" />
    <TestEntry testId="9bc92b21-bb4a-ff93-40fb-20e76d2e3a78" executionId="f71c1d85-2a9d-4f4c-b12b-21243b184d18" testListId="8C84FA94-04C1-424b-9868-57A2D4851A1D" />
    <TestEntry testId="18da31a1-17f2-8275-76cb-8c7f9010dc6e" executionId="dee85ffa-077f-43dc-b9b3-4f4d888b5238" testListId="8C84FA94-04C1-424b-9868-57A2D4851A1D" />
    <TestEntry testId="8d1ae1f1-922f-db13-c036-b3b319a62015" executionId="9986917f-7b6d-4641-ad84-4240eb2380cf" testListId="8C84FA94-04C1-424b-9868-57A2D4851A1D" />
    <TestEntry testId="aefc5b93-8ad2-b64d-6a36-961531063310" executionId="31878bcf-2e1f-4f28-af87-e8e5e2806d4d" testListId="8C84FA94-04C1-424b-9868-57A2D4851A1D" />
    <TestEntry testId="7176c07a-1cd3-2cc8-417d-a0e76520b076" executionId="5976285b-b002-4f5c-8201-a874583f5b3c" testListId="8C84FA94-04C1-424b-9868-57A2D4851A1D" />
    <TestEntry testId="f7331713-61f1-4fd0-55bb-4399e17d5c1b" executionId="9071c954-22ca-4150-8772-6dbdfd43ded2" testListId="8C84FA94-04C1-424b-9868-57A2D4851A1D" />
    <TestEntry testId="6e219148-07b2-7a1a-f5d1-8898effb66d7" executionId="8b5c18a6-3ac7-4788-b8f3-516db46c7906" testListId="8C84FA94-04C1-424b-9868-57A2D4851A1D" />
    <TestEntry testId="8a8f69be-5a28-203d-26ae-409116a2e1bf" executionId="110c874b-51b0-4b84-a589-d123a3a37f2b" testListId="8C84FA94-04C1-424b-9868-57A2D4851A1D" />
    <TestEntry testId="4c7f5f03-b4cb-d6ec-8022-54f37aba99d8" executionId="a645fdde-b6b6-4cbb-844a-ba3de457efe1" testListId="8C84FA94-04C1-424b-9868-57A2D4851A1D" />
    <TestEntry testId="0628512c-b5ad-742a-478f-d0bf27f0b091" executionId="2b24113e-337e-402c-b31d-549ad47415d4" testListId="8C84FA94-04C1-424b-9868-57A2D4851A1D" />
    <TestEntry testId="df418cd3-e2f9-9253-abb2-ea0f018e5644" executionId="b55700d2-d9fa-4197-8f48-20670ac53d4e" testListId="8C84FA94-04C1-424b-9868-57A2D4851A1D" />
    <TestEntry testId="b9c93d48-34e8-87c0-f7cd-e27923194428" executionId="e1f35513-438c-4c83-bec4-5b507e70b815" testListId="8C84FA94-04C1-424b-9868-57A2D4851A1D" />
    <TestEntry testId="6e3b7bf5-1b38-de2e-91a6-777161a3f7d1" executionId="0d0e6cb6-a6d1-4aca-83a3-c8dee0aa45e9" testListId="8C84FA94-04C1-424b-9868-57A2D4851A1D" />
    <TestEntry testId="6bb494f7-c77b-92a3-3b17-b63abf51aea2" executionId="d0d93262-ffcc-48f7-bbe9-db6c546c65df" testListId="8C84FA94-04C1-424b-9868-57A2D4851A1D" />
    <TestEntry testId="75509b49-79d6-ce88-8c51-8e6170e65097" executionId="276b8afb-b0ed-43f5-bc8d-2596f7eb9fa7" testListId="8C84FA94-04C1-424b-9868-57A2D4851A1D" />
    <TestEntry testId="acec08b9-0a95-59de-38f6-365b134e67e6" executionId="ae4eeaf2-95bf-4f01-8b9a-f94cc718c9c5" testListId="8C84FA94-04C1-424b-9868-57A2D4851A1D" />
    <TestEntry testId="1299b237-f3c1-4af3-c2fe-8612350ec3d5" executionId="21db1d4c-9ab1-4f78-9a26-7ba8c637e81f" testListId="8C84FA94-04C1-424b-9868-57A2D4851A1D" />
    <TestEntry testId="e433a9ef-6517-e92d-7a51-ff00b8817f3a" executionId="eb5d5e5c-9814-4683-b489-9d014a4b3f25" testListId="8C84FA94-04C1-424b-9868-57A2D4851A1D" />
    <TestEntry testId="a6cab522-dcd2-6ea8-0212-a37a59638893" executionId="21e10991-5b9c-40d7-87b9-8c0390e681ea" testListId="8C84FA94-04C1-424b-9868-57A2D4851A1D" />
    <TestEntry testId="a335eda1-1bbc-13ff-926c-003512b958e3" executionId="3a7688e9-8ec9-41b6-8944-5c5027a99d1d" testListId="8C84FA94-04C1-424b-9868-57A2D4851A1D" />
    <TestEntry testId="2b8d5d27-6d98-a855-007a-c1db289fbffd" executionId="e3d85ede-e816-4f6d-a3c3-ba275dfb076a" testListId="8C84FA94-04C1-424b-9868-57A2D4851A1D" />
    <TestEntry testId="b206af32-2fe5-55df-3201-3385586db274" executionId="eaf7493f-2d62-412b-878c-55627c9f2deb" testListId="8C84FA94-04C1-424b-9868-57A2D4851A1D" />
    <TestEntry testId="65a24183-01e0-5058-41ae-200aea0ea723" executionId="e3f38651-ae92-4952-8f1e-2cff65f3e44d" testListId="8C84FA94-04C1-424b-9868-57A2D4851A1D" />
    <TestEntry testId="49d19cc6-533a-3c1c-daf2-b43c5e99302e" executionId="10ebd0ed-687a-4c5c-bbd9-918fcfcaabc4" testListId="8C84FA94-04C1-424b-9868-57A2D4851A1D" />
    <TestEntry testId="b56ff41e-b59a-e169-8239-ff3c567d1ea6" executionId="a66c8758-8f3f-4911-8522-c40d30a20b41" testListId="8C84FA94-04C1-424b-9868-57A2D4851A1D" />
    <TestEntry testId="33a86f48-fd87-f12a-ba0b-4da0405f9c49" executionId="6ae57132-2db8-4794-b608-aff763364941" testListId="8C84FA94-04C1-424b-9868-57A2D4851A1D" />
    <TestEntry testId="b5fa2886-2029-91a0-73a9-4f224ff79b72" executionId="d2ce4d55-e7e0-4cc2-a441-d92f442fae22" testListId="8C84FA94-04C1-424b-9868-57A2D4851A1D" />
    <TestEntry testId="b366dafe-3c4c-882e-4a60-a389745d85c3" executionId="3aee2402-fe8b-4619-9ee0-09f3100561a3" testListId="8C84FA94-04C1-424b-9868-57A2D4851A1D" />
    <TestEntry testId="25091487-7e54-659e-667a-6a1c3d57494b" executionId="8e135ff4-1037-4bdc-a75a-90708c93caff" testListId="8C84FA94-04C1-424b-9868-57A2D4851A1D" />
    <TestEntry testId="43fc10af-7f85-51e2-abf9-dfab0ffd7e8b" executionId="01713730-4a83-497f-8ea9-78199c6359c2" testListId="8C84FA94-04C1-424b-9868-57A2D4851A1D" />
    <TestEntry testId="b477b2c9-8985-5942-d90b-e073cdc884c7" executionId="dab77540-9b7a-4e08-a0c5-9b7c997a1078" testListId="8C84FA94-04C1-424b-9868-57A2D4851A1D" />
    <TestEntry testId="cc0103a9-0f39-cde9-a2ce-2be2a932daf3" executionId="9235c705-d898-459c-8428-0f31a722ecf7" testListId="8C84FA94-04C1-424b-9868-57A2D4851A1D" />
    <TestEntry testId="ddd35dc4-3080-c4e6-d21b-b124662612ae" executionId="caf40cc5-7b91-4646-8a05-2d3697065ba1" testListId="8C84FA94-04C1-424b-9868-57A2D4851A1D" />
    <TestEntry testId="692b4f39-786d-bfa6-c89c-cac3996588e7" executionId="a900be26-45a2-4e7c-bbd7-f5957b25e40d" testListId="8C84FA94-04C1-424b-9868-57A2D4851A1D" />
    <TestEntry testId="71314146-d231-66ee-5929-f3c3fb16f503" executionId="6030a75d-49d9-4e52-9bf0-e304e4efe3aa" testListId="8C84FA94-04C1-424b-9868-57A2D4851A1D" />
    <TestEntry testId="04a22834-179b-6e18-2072-25f555dcd16a" executionId="f050784d-7463-4118-9a44-adaad634c127" testListId="8C84FA94-04C1-424b-9868-57A2D4851A1D" />
    <TestEntry testId="66d56f76-bf00-ab0d-420b-40f35ad9f7fd" executionId="2ea26364-cc2b-4350-9b0f-d3ee5ae81493" testListId="8C84FA94-04C1-424b-9868-57A2D4851A1D" />
    <TestEntry testId="bac0c3c3-0313-6559-1eeb-6e7fe148f4b1" executionId="52bfa1c5-70b2-44cf-9061-329632c8f9c5" testListId="8C84FA94-04C1-424b-9868-57A2D4851A1D" />
    <TestEntry testId="45dc65ed-f659-6014-6746-5ad5ca45fff0" executionId="71fbaa8a-c5b6-4a03-86a1-0e1c323270c5" testListId="8C84FA94-04C1-424b-9868-57A2D4851A1D" />
    <TestEntry testId="5ef9ac82-a3bc-3c42-5a7c-0b4f4fd569b5" executionId="90a6d6bf-cdae-4083-8a0e-c8db8d0091fc" testListId="8C84FA94-04C1-424b-9868-57A2D4851A1D" />
    <TestEntry testId="508984b8-f98c-604d-45ab-20b41182cb76" executionId="05a6865f-0633-4448-b4ef-2041a47a6f36" testListId="8C84FA94-04C1-424b-9868-57A2D4851A1D" />
    <TestEntry testId="c4712ffa-fbde-62a5-a586-3f1c05349023" executionId="bb35861d-5a20-4f5f-979b-226e86ada47c" testListId="8C84FA94-04C1-424b-9868-57A2D4851A1D" />
    <TestEntry testId="91c17a0b-57af-f3b8-8312-24c647811384" executionId="ded66c80-749f-44f5-aaf8-507dfcb75f6b" testListId="8C84FA94-04C1-424b-9868-57A2D4851A1D" />
    <TestEntry testId="312e44ae-bd3f-6ead-dd70-c3367e822cb3" executionId="b728b607-e38e-4bdb-b89f-0372440f135b" testListId="8C84FA94-04C1-424b-9868-57A2D4851A1D" />
    <TestEntry testId="26129e7f-949b-b6ee-bffc-0e0e4526deb9" executionId="59d11f28-c53f-4d92-afab-5241ec9b5ee1" testListId="8C84FA94-04C1-424b-9868-57A2D4851A1D" />
    <TestEntry testId="56873707-21b1-e368-331f-bc801d0a71c5" executionId="6463b904-f97f-41a7-9a3c-d436dc81227c" testListId="8C84FA94-04C1-424b-9868-57A2D4851A1D" />
    <TestEntry testId="3ac440f1-2ecd-87d9-ac45-cb922c1ebcb4" executionId="a29bf1bc-715a-47d5-a50c-9a2d4e8ee08e" testListId="8C84FA94-04C1-424b-9868-57A2D4851A1D" />
  </TestEntries>
  <TestLists>
    <TestList name="Results Not in a List" id="8C84FA94-04C1-424b-9868-57A2D4851A1D" />
    <TestList name="All Loaded Results" id="19431567-8539-422a-85d7-44ee4e166bda" />
  </TestLists>
  <ResultSummary outcome="Completed">
    <Counters total="210" executed="210" passed="210" failed="0" error="0" timeout="0" aborted="0" inconclusive="0" passedButRunAborted="0" notRunnable="0" notExecuted="0" disconnected="0" warning="0" completed="0" inProgress="0" pending="0" />
  </ResultSummary>
</TestRun>